15:10:13 INFO  manager.ApplicationManager - All tests start in Chrome
15:10:17 INFO  manager.MyListener - start search for element with locator->>By.xpath: //*[text()=' logout ']
15:10:27 INFO  manager.MyListener - element with locator->> By.xpath: //*[text()=' logout '] was found
15:10:27 INFO  manager.MyListener - start search for element with locator->>By.xpath: //*[.='sign in']
15:10:27 INFO  manager.MyListener - element with locator->> By.xpath: //*[.='sign in'] was found
15:10:27 INFO  manager.MyListener - start search for element with locator->>By.cssSelector: input#email
15:10:28 INFO  manager.MyListener - element with locator->> By.cssSelector: input#email was found
15:10:28 INFO  manager.MyListener - start search for element with locator->>By.cssSelector: input#password
15:10:28 INFO  manager.MyListener - element with locator->> By.cssSelector: input#password was found
15:10:28 INFO  manager.MyListener - start search for element with locator->>By.cssSelector:  button[type='submit']
15:10:28 INFO  manager.MyListener - element with locator->> By.cssSelector:  button[type='submit'] was found
15:10:28 INFO  tests.TestBase - start to test method ->>deleteAllByName
15:10:28 INFO  manager.MyListener - start search for element with locator->>By.cssSelector: ul[class='ng-star-inserted'] li cv-seeker-cv-row
15:10:30 INFO  manager.MyListener - element with locator->> By.cssSelector: ul[class='ng-star-inserted'] li cv-seeker-cv-row was found
15:10:30 INFO  manager.HelperBase - Total amount of already created CV = ->>48
15:10:30 INFO  manager.HelperBase - Cv with name ->>Pavelto be deleted
15:10:31 INFO  manager.MyListener - start search for element with locator->>By.xpath: //button[. = 'delete']
15:10:31 INFO  manager.MyListener - element with locator->> By.xpath: //button[. = 'delete'] was found
15:10:31 INFO  manager.MyListener - start search for element with locator->>By.xpath: //button[. = 'Delete ']
15:10:31 INFO  manager.MyListener - element with locator->> By.xpath: //button[. = 'Delete '] was found
15:10:31 INFO  manager.MyListener - start search for element with locator->>By.xpath: //cv-toast-message[@class='ng-star-inserted']
15:10:31 INFO  manager.MyListener - element with locator->> By.xpath: //cv-toast-message[@class='ng-star-inserted'] was found
15:10:31 INFO  manager.HelperBase - After delete action Message received:->>Success
CV was deleted
15:10:36 INFO  manager.MyListener - Something went wrong->>https://cv-bank-new.web.app/seeker/dashboard
15:10:36 INFO  manager.MyListener - stale element reference: element is not attached to the page document
  (Session info: chrome=104.0.5112.81)
For documentation on this error, please visit: https://www.seleniumhq.org/exceptions/stale_element_reference.html
Build info: version: '3.141.59', revision: 'e82be7d358', time: '2018-11-14T08:17:03'
System info: host: 'ARTEMKA', ip: '192.168.0.103', os.name: 'Windows 10', os.arch: 'amd64', os.version: '10.0', java.version: '1.8.0_333'
Driver info: org.openqa.selenium.chrome.ChromeDriver
Capabilities {acceptInsecureCerts: false, browserName: chrome, browserVersion: 104.0.5112.81, chrome: {chromedriverVersion: 104.0.5112.79 (3cf3e8c8a07d..., userDataDir: C:\Users\ompre\AppData\Loca...}, goog:chromeOptions: {debuggerAddress: localhost:57932}, javascriptEnabled: true, networkConnectionEnabled: false, pageLoadStrategy: normal, platform: WINDOWS, platformName: WINDOWS, proxy: Proxy(), setWindowRect: true, strictFileInteractability: false, timeouts: {implicit: 0, pageLoad: 300000, script: 30000}, unhandledPromptBehavior: dismiss and notify, webauthn:extension:credBlob: true, webauthn:extension:largeBlob: true, webauthn:virtualAuthenticators: true}
Session ID: aff4f84a3e9ccfcd80330beea1eef018
15:10:36 INFO  manager.MyListener - org.openqa.selenium.StaleElementReferenceException: stale element reference: element is not attached to the page document
  (Session info: chrome=104.0.5112.81)
For documentation on this error, please visit: https://www.seleniumhq.org/exceptions/stale_element_reference.html
Build info: version: '3.141.59', revision: 'e82be7d358', time: '2018-11-14T08:17:03'
System info: host: 'ARTEMKA', ip: '192.168.0.103', os.name: 'Windows 10', os.arch: 'amd64', os.version: '10.0', java.version: '1.8.0_333'
Driver info: org.openqa.selenium.chrome.ChromeDriver
Capabilities {acceptInsecureCerts: false, browserName: chrome, browserVersion: 104.0.5112.81, chrome: {chromedriverVersion: 104.0.5112.79 (3cf3e8c8a07d..., userDataDir: C:\Users\ompre\AppData\Loca...}, goog:chromeOptions: {debuggerAddress: localhost:57932}, javascriptEnabled: true, networkConnectionEnabled: false, pageLoadStrategy: normal, platform: WINDOWS, platformName: WINDOWS, proxy: Proxy(), setWindowRect: true, strictFileInteractability: false, timeouts: {implicit: 0, pageLoad: 300000, script: 30000}, unhandledPromptBehavior: dismiss and notify, webauthn:extension:credBlob: true, webauthn:extension:largeBlob: true, webauthn:virtualAuthenticators: true}
Session ID: aff4f84a3e9ccfcd80330beea1eef018
15:10:36 INFO  manager.MyListener - start search for element with locator->>By.cssSelector: ul[class='ng-star-inserted'] li cv-seeker-cv-row
15:10:36 INFO  manager.MyListener - element with locator->> By.cssSelector: ul[class='ng-star-inserted'] li cv-seeker-cv-row was found
15:10:39 INFO  manager.HelperBase - Total amount of CVs left = 47
15:10:39 INFO  tests.TestBase - end to test method ->>deleteAllByName
