19:58:48 INFO  manager.ApplicationManager - All tests start in Chrome
19:58:54 INFO  tests.TestBase - start to test method ->>createResumeDP
19:58:54 INFO  manager.MyListener - start search for element with locator->>By.xpath: //span[.='create CV']
19:58:54 INFO  manager.MyListener - element with locator->> By.xpath: //span[.='create CV'] was found
19:58:54 INFO  manager.MyListener - start search for element with locator->>By.xpath: (//div[@class='cover'])[1]
19:58:55 INFO  manager.MyListener - element with locator->> By.xpath: (//div[@class='cover'])[1] was found
19:58:55 INFO  manager.MyListener - start search for element with locator->>By.id: name
19:58:55 INFO  manager.MyListener - element with locator->> By.id: name was found
19:58:56 INFO  manager.MyListener - start search for element with locator->>By.id: position
19:58:56 INFO  manager.MyListener - element with locator->> By.id: position was found
19:58:56 INFO  manager.MyListener - start search for element with locator->>By.xpath: //*[@aria-label='Open calendar']
19:58:56 INFO  manager.MyListener - element with locator->> By.xpath: //*[@aria-label='Open calendar'] was found
19:58:56 INFO  manager.MyListener - start search for element with locator->>By.cssSelector: button[aria-label='Choose month and year']
19:58:56 INFO  manager.MyListener - element with locator->> By.cssSelector: button[aria-label='Choose month and year'] was found
19:58:56 INFO  manager.MyListener - start search for element with locator->>By.cssSelector: tbody[role='grid'] tr:first-child td:first-child div
19:58:56 INFO  manager.MyListener - element with locator->> By.cssSelector: tbody[role='grid'] tr:first-child td:first-child div was found
19:58:56 INFO  manager.MyListener - start search for element with locator->>By.xpath: //*[@aria-label='Previous 20 years']
19:58:56 INFO  manager.MyListener - element with locator->> By.xpath: //*[@aria-label='Previous 20 years'] was found
19:58:56 INFO  manager.MyListener - start search for element with locator->>By.cssSelector: tbody[role='grid'] tr:first-child td:first-child
19:58:56 INFO  manager.MyListener - element with locator->> By.cssSelector: tbody[role='grid'] tr:first-child td:first-child was found
19:58:56 INFO  manager.MyListener - start search for element with locator->>By.xpath: //*[.=' 1968 ']
19:58:56 INFO  manager.MyListener - element with locator->> By.xpath: //*[.=' 1968 '] was found
19:58:56 INFO  manager.MyListener - start search for element with locator->>By.xpath: //td[.=' JAN ']
19:58:56 INFO  manager.MyListener - element with locator->> By.xpath: //td[.=' JAN '] was found
19:58:56 INFO  manager.MyListener - start search for element with locator->>By.xpath: //div[.=' 12 ']
19:58:56 INFO  manager.MyListener - element with locator->> By.xpath: //div[.=' 12 '] was found
19:58:56 INFO  manager.MyListener - start search for element with locator->>By.id: country
19:58:56 INFO  manager.MyListener - element with locator->> By.id: country was found
19:58:57 INFO  manager.MyListener - start search for element with locator->>By.id: city
19:58:57 INFO  manager.MyListener - element with locator->> By.id: city was found
19:58:57 INFO  manager.MyListener - start search for element with locator->>By.id: phone
19:58:57 INFO  manager.MyListener - element with locator->> By.id: phone was found
19:58:57 INFO  manager.MyListener - start search for element with locator->>By.id: email
19:58:57 INFO  manager.MyListener - element with locator->> By.id: email was found
19:58:57 INFO  manager.MyListener - start search for element with locator->>By.xpath: //span[.='Save']
19:58:57 INFO  manager.MyListener - element with locator->> By.xpath: //span[.='Save'] was found
19:58:57 INFO  manager.MyListener - start search for element with locator->>By.cssSelector: section#header div[class=title] h2
19:58:57 INFO  manager.MyListener - element with locator->> By.cssSelector: section#header div[class=title] h2 was found
19:58:57 INFO  manager.MyListener - start search for element with locator->>By.id: experience
19:58:57 INFO  manager.MyListener - element with locator->> By.id: experience was found
19:58:57 INFO  manager.MyListener - start search for element with locator->>By.id: startDate
19:58:57 INFO  manager.MyListener - element with locator->> By.id: startDate was found
19:58:59 INFO  manager.MyListener - start search for element with locator->>By.id: endDate
19:58:59 INFO  manager.MyListener - element with locator->> By.id: endDate was found
19:59:00 INFO  manager.MyListener - start search for element with locator->>By.id: companyName
19:59:00 INFO  manager.MyListener - element with locator->> By.id: companyName was found
19:59:00 INFO  manager.MyListener - start search for element with locator->>By.id: companyLocation
19:59:00 INFO  manager.MyListener - element with locator->> By.id: companyLocation was found
19:59:00 INFO  manager.MyListener - start search for element with locator->>By.id: url
19:59:00 INFO  manager.MyListener - element with locator->> By.id: url was found
19:59:00 INFO  manager.MyListener - start search for element with locator->>By.id: position
19:59:00 INFO  manager.MyListener - element with locator->> By.id: position was found
19:59:00 INFO  manager.MyListener - start search for element with locator->>By.cssSelector: button[type='submit']
19:59:00 INFO  manager.MyListener - element with locator->> By.cssSelector: button[type='submit'] was found
19:59:00 INFO  manager.MyListener - start search for element with locator->>By.cssSelector: section#experience ul
19:59:00 INFO  manager.MyListener - element with locator->> By.cssSelector: section#experience ul was found
19:59:00 INFO  manager.MyListener - start search for element with locator->>By.xpath: //*[.=' Preview ']
19:59:00 INFO  manager.MyListener - element with locator->> By.xpath: //*[.=' Preview '] was found
19:59:00 INFO  manager.MyListener - start search for element with locator->>By.cssSelector: div[class=slider] div:nth-child(2)
19:59:00 INFO  manager.MyListener - element with locator->> By.cssSelector: div[class=slider] div:nth-child(2) was found
19:59:01 INFO  manager.MyListener - start search for element with locator->>By.cssSelector: div[class=header] button:first-of-type
19:59:01 INFO  manager.MyListener - element with locator->> By.cssSelector: div[class=header] button:first-of-type was found
19:59:06 INFO  manager.MyListener - start search for element with locator->>By.cssSelector: div[class=header] button:last-of-type
19:59:06 INFO  manager.MyListener - element with locator->> By.cssSelector: div[class=header] button:last-of-type was found
19:59:06 INFO  manager.MyListener - start search for element with locator->>By.xpath: //*[.='Publish ']
19:59:06 INFO  manager.MyListener - element with locator->> By.xpath: //*[.='Publish '] was found
19:59:06 INFO  manager.MyListener - start search for element with locator->>By.xpath: //a[.='Sign In']
19:59:06 INFO  manager.MyListener - element with locator->> By.xpath: //a[.='Sign In'] was found
19:59:06 INFO  manager.MyListener - start search for element with locator->>By.cssSelector: input#email
19:59:06 INFO  manager.MyListener - element with locator->> By.cssSelector: input#email was found
19:59:06 INFO  manager.MyListener - Something went wrong->>https://cv-bank-new.web.app/create
19:59:06 INFO  manager.MyListener - stale element reference: element is not attached to the page document
  (Session info: chrome=104.0.5112.81)
For documentation on this error, please visit: https://www.seleniumhq.org/exceptions/stale_element_reference.html
Build info: version: '3.141.59', revision: 'e82be7d358', time: '2018-11-14T08:17:03'
System info: host: 'ARTEMKA', ip: '192.168.0.103', os.name: 'Windows 10', os.arch: 'amd64', os.version: '10.0', java.version: '1.8.0_333'
Driver info: org.openqa.selenium.chrome.ChromeDriver
Capabilities {acceptInsecureCerts: false, browserName: chrome, browserVersion: 104.0.5112.81, chrome: {chromedriverVersion: 104.0.5112.79 (3cf3e8c8a07d..., userDataDir: C:\Users\ompre\AppData\Loca...}, goog:chromeOptions: {debuggerAddress: localhost:64075}, javascriptEnabled: true, networkConnectionEnabled: false, pageLoadStrategy: normal, platform: WINDOWS, platformName: WINDOWS, proxy: Proxy(), setWindowRect: true, strictFileInteractability: false, timeouts: {implicit: 0, pageLoad: 300000, script: 30000}, unhandledPromptBehavior: dismiss and notify, webauthn:extension:credBlob: true, webauthn:extension:largeBlob: true, webauthn:virtualAuthenticators: true}
Session ID: 4426cef33986d35bfd0d7dcd7d5ff340
19:59:06 INFO  manager.MyListener - org.openqa.selenium.StaleElementReferenceException: stale element reference: element is not attached to the page document
  (Session info: chrome=104.0.5112.81)
For documentation on this error, please visit: https://www.seleniumhq.org/exceptions/stale_element_reference.html
Build info: version: '3.141.59', revision: 'e82be7d358', time: '2018-11-14T08:17:03'
System info: host: 'ARTEMKA', ip: '192.168.0.103', os.name: 'Windows 10', os.arch: 'amd64', os.version: '10.0', java.version: '1.8.0_333'
Driver info: org.openqa.selenium.chrome.ChromeDriver
Capabilities {acceptInsecureCerts: false, browserName: chrome, browserVersion: 104.0.5112.81, chrome: {chromedriverVersion: 104.0.5112.79 (3cf3e8c8a07d..., userDataDir: C:\Users\ompre\AppData\Loca...}, goog:chromeOptions: {debuggerAddress: localhost:64075}, javascriptEnabled: true, networkConnectionEnabled: false, pageLoadStrategy: normal, platform: WINDOWS, platformName: WINDOWS, proxy: Proxy(), setWindowRect: true, strictFileInteractability: false, timeouts: {implicit: 0, pageLoad: 300000, script: 30000}, unhandledPromptBehavior: dismiss and notify, webauthn:extension:credBlob: true, webauthn:extension:largeBlob: true, webauthn:virtualAuthenticators: true}
Session ID: 4426cef33986d35bfd0d7dcd7d5ff340
19:59:07 INFO  manager.MyListener - start search for element with locator->>By.cssSelector: input#email
19:59:07 INFO  manager.MyListener - element with locator->> By.cssSelector: input#email was found
19:59:07 INFO  manager.MyListener - start search for element with locator->>By.cssSelector: input#email
19:59:07 INFO  manager.MyListener - element with locator->> By.cssSelector: input#email was found
19:59:07 INFO  manager.MyListener - start search for element with locator->>By.cssSelector: input#password
19:59:07 INFO  manager.MyListener - element with locator->> By.cssSelector: input#password was found
19:59:07 INFO  manager.MyListener - start search for element with locator->>By.cssSelector:  button[type='submit']
19:59:07 INFO  manager.MyListener - element with locator->> By.cssSelector:  button[type='submit'] was found
19:59:07 INFO  manager.MyListener - start search for element with locator->>By.xpath: //cv-toast-message[@class='ng-star-inserted']
19:59:09 INFO  manager.MyListener - element with locator->> By.xpath: //cv-toast-message[@class='ng-star-inserted'] was found
19:59:09 INFO  manager.MyListener - start search for element with locator->>By.xpath: //*[text()=' logout ']
19:59:09 INFO  manager.MyListener - element with locator->> By.xpath: //*[text()=' logout '] was found
19:59:09 INFO  tests.TestBase - end to test method ->>createResumeDP
19:59:09 INFO  tests.TestBase - start to test method ->>createResumeDP
19:59:09 INFO  manager.MyListener - start search for element with locator->>By.xpath: //span[.='create CV']
19:59:09 INFO  manager.MyListener - element with locator->> By.xpath: //span[.='create CV'] was found
19:59:09 INFO  manager.MyListener - start search for element with locator->>By.xpath: (//div[@class='cover'])[1]
19:59:09 INFO  manager.MyListener - element with locator->> By.xpath: (//div[@class='cover'])[1] was found
19:59:09 INFO  manager.MyListener - start search for element with locator->>By.id: name
19:59:09 INFO  manager.MyListener - element with locator->> By.id: name was found
19:59:09 INFO  manager.MyListener - start search for element with locator->>By.id: position
19:59:09 INFO  manager.MyListener - element with locator->> By.id: position was found
19:59:10 INFO  manager.MyListener - start search for element with locator->>By.xpath: //*[@aria-label='Open calendar']
19:59:10 INFO  manager.MyListener - element with locator->> By.xpath: //*[@aria-label='Open calendar'] was found
19:59:10 INFO  manager.MyListener - start search for element with locator->>By.cssSelector: button[aria-label='Choose month and year']
19:59:10 INFO  manager.MyListener - element with locator->> By.cssSelector: button[aria-label='Choose month and year'] was found
19:59:10 INFO  manager.MyListener - start search for element with locator->>By.cssSelector: tbody[role='grid'] tr:first-child td:first-child div
19:59:10 INFO  manager.MyListener - element with locator->> By.cssSelector: tbody[role='grid'] tr:first-child td:first-child div was found
19:59:10 INFO  manager.MyListener - start search for element with locator->>By.xpath: //*[.=' 1983 ']
19:59:10 INFO  manager.MyListener - element with locator->> By.xpath: //*[.=' 1983 '] was found
19:59:10 INFO  manager.MyListener - start search for element with locator->>By.xpath: //td[.=' OCT ']
19:59:10 INFO  manager.MyListener - element with locator->> By.xpath: //td[.=' OCT '] was found
19:59:10 INFO  manager.MyListener - start search for element with locator->>By.xpath: //div[.=' 6 ']
19:59:10 INFO  manager.MyListener - element with locator->> By.xpath: //div[.=' 6 '] was found
19:59:10 INFO  manager.MyListener - start search for element with locator->>By.id: country
19:59:10 INFO  manager.MyListener - element with locator->> By.id: country was found
19:59:10 INFO  manager.MyListener - start search for element with locator->>By.id: city
19:59:10 INFO  manager.MyListener - element with locator->> By.id: city was found
19:59:10 INFO  manager.MyListener - start search for element with locator->>By.id: phone
19:59:10 INFO  manager.MyListener - element with locator->> By.id: phone was found
19:59:10 INFO  manager.MyListener - start search for element with locator->>By.id: email
19:59:10 INFO  manager.MyListener - element with locator->> By.id: email was found
19:59:11 INFO  manager.MyListener - start search for element with locator->>By.xpath: //span[.='Save']
19:59:11 INFO  manager.MyListener - element with locator->> By.xpath: //span[.='Save'] was found
19:59:11 INFO  manager.MyListener - start search for element with locator->>By.cssSelector: section#header div[class=title] h2
19:59:11 INFO  manager.MyListener - element with locator->> By.cssSelector: section#header div[class=title] h2 was found
19:59:11 INFO  manager.MyListener - start search for element with locator->>By.id: experience
19:59:11 INFO  manager.MyListener - element with locator->> By.id: experience was found
19:59:11 INFO  manager.MyListener - start search for element with locator->>By.id: startDate
19:59:11 INFO  manager.MyListener - element with locator->> By.id: startDate was found
19:59:13 INFO  manager.MyListener - start search for element with locator->>By.id: endDate
19:59:13 INFO  manager.MyListener - element with locator->> By.id: endDate was found
19:59:13 INFO  manager.MyListener - start search for element with locator->>By.id: companyName
19:59:13 INFO  manager.MyListener - element with locator->> By.id: companyName was found
19:59:13 INFO  manager.MyListener - start search for element with locator->>By.id: companyLocation
19:59:13 INFO  manager.MyListener - element with locator->> By.id: companyLocation was found
19:59:13 INFO  manager.MyListener - start search for element with locator->>By.id: url
19:59:13 INFO  manager.MyListener - element with locator->> By.id: url was found
19:59:13 INFO  manager.MyListener - start search for element with locator->>By.id: position
19:59:14 INFO  manager.MyListener - element with locator->> By.id: position was found
19:59:14 INFO  manager.MyListener - start search for element with locator->>By.cssSelector: button[type='submit']
19:59:14 INFO  manager.MyListener - element with locator->> By.cssSelector: button[type='submit'] was found
19:59:14 INFO  manager.MyListener - start search for element with locator->>By.cssSelector: section#experience ul
19:59:14 INFO  manager.MyListener - element with locator->> By.cssSelector: section#experience ul was found
19:59:14 INFO  manager.MyListener - start search for element with locator->>By.xpath: //*[.=' Preview ']
19:59:14 INFO  manager.MyListener - element with locator->> By.xpath: //*[.=' Preview '] was found
19:59:14 INFO  manager.MyListener - start search for element with locator->>By.cssSelector: div[class=slider] div:nth-child(2)
19:59:14 INFO  manager.MyListener - element with locator->> By.cssSelector: div[class=slider] div:nth-child(2) was found
19:59:14 INFO  manager.MyListener - start search for element with locator->>By.cssSelector: div[class=header] button:first-of-type
19:59:14 INFO  manager.MyListener - element with locator->> By.cssSelector: div[class=header] button:first-of-type was found
19:59:19 INFO  manager.MyListener - start search for element with locator->>By.cssSelector: div[class=header] button:last-of-type
19:59:19 INFO  manager.MyListener - element with locator->> By.cssSelector: div[class=header] button:last-of-type was found
19:59:19 INFO  manager.MyListener - start search for element with locator->>By.xpath: //*[.='Publish ']
19:59:19 INFO  manager.MyListener - element with locator->> By.xpath: //*[.='Publish '] was found
19:59:19 INFO  manager.MyListener - start search for element with locator->>By.xpath: //a[.='Sign In']
19:59:19 INFO  manager.MyListener - element with locator->> By.xpath: //a[.='Sign In'] was found
19:59:19 INFO  manager.MyListener - start search for element with locator->>By.cssSelector: input#email
19:59:19 INFO  manager.MyListener - element with locator->> By.cssSelector: input#email was found
19:59:19 INFO  manager.MyListener - start search for element with locator->>By.cssSelector: input#email
19:59:19 INFO  manager.MyListener - element with locator->> By.cssSelector: input#email was found
19:59:19 INFO  manager.MyListener - Something went wrong->>https://cv-bank-new.web.app/create
19:59:19 INFO  manager.MyListener - stale element reference: element is not attached to the page document
  (Session info: chrome=104.0.5112.81)
For documentation on this error, please visit: https://www.seleniumhq.org/exceptions/stale_element_reference.html
Build info: version: '3.141.59', revision: 'e82be7d358', time: '2018-11-14T08:17:03'
System info: host: 'ARTEMKA', ip: '192.168.0.103', os.name: 'Windows 10', os.arch: 'amd64', os.version: '10.0', java.version: '1.8.0_333'
Driver info: org.openqa.selenium.chrome.ChromeDriver
Capabilities {acceptInsecureCerts: false, browserName: chrome, browserVersion: 104.0.5112.81, chrome: {chromedriverVersion: 104.0.5112.79 (3cf3e8c8a07d..., userDataDir: C:\Users\ompre\AppData\Loca...}, goog:chromeOptions: {debuggerAddress: localhost:64075}, javascriptEnabled: true, networkConnectionEnabled: false, pageLoadStrategy: normal, platform: WINDOWS, platformName: WINDOWS, proxy: Proxy(), setWindowRect: true, strictFileInteractability: false, timeouts: {implicit: 0, pageLoad: 300000, script: 30000}, unhandledPromptBehavior: dismiss and notify, webauthn:extension:credBlob: true, webauthn:extension:largeBlob: true, webauthn:virtualAuthenticators: true}
Session ID: 4426cef33986d35bfd0d7dcd7d5ff340
19:59:19 INFO  manager.MyListener - org.openqa.selenium.StaleElementReferenceException: stale element reference: element is not attached to the page document
  (Session info: chrome=104.0.5112.81)
For documentation on this error, please visit: https://www.seleniumhq.org/exceptions/stale_element_reference.html
Build info: version: '3.141.59', revision: 'e82be7d358', time: '2018-11-14T08:17:03'
System info: host: 'ARTEMKA', ip: '192.168.0.103', os.name: 'Windows 10', os.arch: 'amd64', os.version: '10.0', java.version: '1.8.0_333'
Driver info: org.openqa.selenium.chrome.ChromeDriver
Capabilities {acceptInsecureCerts: false, browserName: chrome, browserVersion: 104.0.5112.81, chrome: {chromedriverVersion: 104.0.5112.79 (3cf3e8c8a07d..., userDataDir: C:\Users\ompre\AppData\Loca...}, goog:chromeOptions: {debuggerAddress: localhost:64075}, javascriptEnabled: true, networkConnectionEnabled: false, pageLoadStrategy: normal, platform: WINDOWS, platformName: WINDOWS, proxy: Proxy(), setWindowRect: true, strictFileInteractability: false, timeouts: {implicit: 0, pageLoad: 300000, script: 30000}, unhandledPromptBehavior: dismiss and notify, webauthn:extension:credBlob: true, webauthn:extension:largeBlob: true, webauthn:virtualAuthenticators: true}
Session ID: 4426cef33986d35bfd0d7dcd7d5ff340
19:59:20 INFO  manager.MyListener - start search for element with locator->>By.xpath: //*[text()=' logout ']
19:59:30 INFO  manager.MyListener - Something went wrong->>https://cv-bank-new.web.app/create
19:59:30 INFO  manager.MyListener - no such element: Unable to locate element: {"method":"xpath","selector":"//*[text()=' logout ']"}
  (Session info: chrome=104.0.5112.81)
For documentation on this error, please visit: https://www.seleniumhq.org/exceptions/no_such_element.html
Build info: version: '3.141.59', revision: 'e82be7d358', time: '2018-11-14T08:17:03'
System info: host: 'ARTEMKA', ip: '192.168.0.103', os.name: 'Windows 10', os.arch: 'amd64', os.version: '10.0', java.version: '1.8.0_333'
Driver info: org.openqa.selenium.chrome.ChromeDriver
Capabilities {acceptInsecureCerts: false, browserName: chrome, browserVersion: 104.0.5112.81, chrome: {chromedriverVersion: 104.0.5112.79 (3cf3e8c8a07d..., userDataDir: C:\Users\ompre\AppData\Loca...}, goog:chromeOptions: {debuggerAddress: localhost:64075}, javascriptEnabled: true, networkConnectionEnabled: false, pageLoadStrategy: normal, platform: WINDOWS, platformName: WINDOWS, proxy: Proxy(), setWindowRect: true, strictFileInteractability: false, timeouts: {implicit: 0, pageLoad: 300000, script: 30000}, unhandledPromptBehavior: dismiss and notify, webauthn:extension:credBlob: true, webauthn:extension:largeBlob: true, webauthn:virtualAuthenticators: true}
Session ID: 4426cef33986d35bfd0d7dcd7d5ff340
*** Element info: {Using=xpath, value=//*[text()=' logout ']}
19:59:30 INFO  manager.MyListener - org.openqa.selenium.NoSuchElementException: no such element: Unable to locate element: {"method":"xpath","selector":"//*[text()=' logout ']"}
  (Session info: chrome=104.0.5112.81)
For documentation on this error, please visit: https://www.seleniumhq.org/exceptions/no_such_element.html
Build info: version: '3.141.59', revision: 'e82be7d358', time: '2018-11-14T08:17:03'
System info: host: 'ARTEMKA', ip: '192.168.0.103', os.name: 'Windows 10', os.arch: 'amd64', os.version: '10.0', java.version: '1.8.0_333'
Driver info: org.openqa.selenium.chrome.ChromeDriver
Capabilities {acceptInsecureCerts: false, browserName: chrome, browserVersion: 104.0.5112.81, chrome: {chromedriverVersion: 104.0.5112.79 (3cf3e8c8a07d..., userDataDir: C:\Users\ompre\AppData\Loca...}, goog:chromeOptions: {debuggerAddress: localhost:64075}, javascriptEnabled: true, networkConnectionEnabled: false, pageLoadStrategy: normal, platform: WINDOWS, platformName: WINDOWS, proxy: Proxy(), setWindowRect: true, strictFileInteractability: false, timeouts: {implicit: 0, pageLoad: 300000, script: 30000}, unhandledPromptBehavior: dismiss and notify, webauthn:extension:credBlob: true, webauthn:extension:largeBlob: true, webauthn:virtualAuthenticators: true}
Session ID: 4426cef33986d35bfd0d7dcd7d5ff340
*** Element info: {Using=xpath, value=//*[text()=' logout ']}
