16:00:36 INFO  manager.ApplicationManager - All tests start in Chrome
16:00:39 INFO  tests.TestBase - start to test method ->>createResume
16:00:39 INFO  manager.MyListener - start search for element with locator->>By.xpath: //span[.='create CV']
16:00:39 INFO  manager.MyListener - element with locator->> By.xpath: //span[.='create CV'] was found
16:00:39 INFO  manager.MyListener - start search for element with locator->>By.xpath: (//div[@class='cover'])[1]
16:00:45 INFO  manager.MyListener - element with locator->> By.xpath: (//div[@class='cover'])[1] was found
16:00:45 INFO  manager.MyListener - start search for element with locator->>By.id: name
16:00:45 INFO  manager.MyListener - element with locator->> By.id: name was found
16:00:46 INFO  manager.MyListener - start search for element with locator->>By.id: position
16:00:46 INFO  manager.MyListener - element with locator->> By.id: position was found
16:00:46 INFO  manager.MyListener - start search for element with locator->>By.xpath: //*[@aria-label='Open calendar']
16:00:46 INFO  manager.MyListener - element with locator->> By.xpath: //*[@aria-label='Open calendar'] was found
16:00:46 INFO  manager.MyListener - start search for element with locator->>By.cssSelector: button[aria-label='Choose month and year']
16:00:46 INFO  manager.MyListener - element with locator->> By.cssSelector: button[aria-label='Choose month and year'] was found
16:00:46 INFO  manager.MyListener - start search for element with locator->>By.cssSelector: tbody[role='grid'] tr:first-child td:first-child div
16:00:46 INFO  manager.MyListener - element with locator->> By.cssSelector: tbody[role='grid'] tr:first-child td:first-child div was found
16:00:46 INFO  manager.MyListener - start search for element with locator->>By.xpath: //*[@aria-label='Previous 20 years']
16:00:46 INFO  manager.MyListener - element with locator->> By.xpath: //*[@aria-label='Previous 20 years'] was found
16:00:46 INFO  manager.MyListener - start search for element with locator->>By.cssSelector: tbody[role='grid'] tr:first-child td:first-child
16:00:46 INFO  manager.MyListener - element with locator->> By.cssSelector: tbody[role='grid'] tr:first-child td:first-child was found
16:00:46 INFO  manager.MyListener - start search for element with locator->>By.xpath: //*[.=' 1973 ']
16:00:46 INFO  manager.MyListener - element with locator->> By.xpath: //*[.=' 1973 '] was found
16:00:46 INFO  manager.MyListener - start search for element with locator->>By.xpath: //td[.=' AUG ']
16:00:46 INFO  manager.MyListener - element with locator->> By.xpath: //td[.=' AUG '] was found
16:00:46 INFO  manager.MyListener - start search for element with locator->>By.xpath: //div[.=' 12 ']
16:00:46 INFO  manager.MyListener - element with locator->> By.xpath: //div[.=' 12 '] was found
16:00:46 INFO  manager.MyListener - start search for element with locator->>By.id: country
16:00:46 INFO  manager.MyListener - element with locator->> By.id: country was found
16:00:47 INFO  manager.MyListener - start search for element with locator->>By.id: city
16:00:47 INFO  manager.MyListener - element with locator->> By.id: city was found
16:00:47 INFO  manager.MyListener - start search for element with locator->>By.id: phone
16:00:47 INFO  manager.MyListener - element with locator->> By.id: phone was found
16:00:47 INFO  manager.MyListener - start search for element with locator->>By.id: email
16:00:47 INFO  manager.MyListener - element with locator->> By.id: email was found
16:00:47 INFO  manager.MyListener - start search for element with locator->>By.xpath: //span[.='Save']
16:00:47 INFO  manager.MyListener - element with locator->> By.xpath: //span[.='Save'] was found
16:00:47 INFO  manager.MyListener - start search for element with locator->>By.cssSelector: section#header div[class=title] h2
16:00:47 INFO  manager.MyListener - element with locator->> By.cssSelector: section#header div[class=title] h2 was found
16:00:47 INFO  manager.MyListener - start search for element with locator->>By.id: experience
16:00:47 INFO  manager.MyListener - element with locator->> By.id: experience was found
16:00:47 INFO  manager.MyListener - start search for element with locator->>By.id: startDate
16:00:47 INFO  manager.MyListener - element with locator->> By.id: startDate was found
16:00:47 INFO  manager.MyListener - start search for element with locator->>By.id: endDate
16:00:47 INFO  manager.MyListener - element with locator->> By.id: endDate was found
16:00:48 INFO  manager.MyListener - start search for element with locator->>By.id: companyName
16:00:48 INFO  manager.MyListener - element with locator->> By.id: companyName was found
16:00:48 INFO  manager.MyListener - start search for element with locator->>By.id: companyLocation
16:00:48 INFO  manager.MyListener - element with locator->> By.id: companyLocation was found
16:00:48 INFO  manager.MyListener - start search for element with locator->>By.id: url
16:00:48 INFO  manager.MyListener - element with locator->> By.id: url was found
16:00:48 INFO  manager.MyListener - start search for element with locator->>By.id: position
16:00:48 INFO  manager.MyListener - element with locator->> By.id: position was found
16:00:48 INFO  manager.MyListener - start search for element with locator->>By.cssSelector: button[type='submit']
16:00:48 INFO  manager.MyListener - element with locator->> By.cssSelector: button[type='submit'] was found
16:00:48 INFO  manager.MyListener - start search for element with locator->>By.cssSelector: section#experience ul
16:00:48 INFO  manager.MyListener - element with locator->> By.cssSelector: section#experience ul was found
16:00:48 INFO  manager.MyListener - start search for element with locator->>By.xpath: //*[.=' Preview ']
16:00:48 INFO  manager.MyListener - element with locator->> By.xpath: //*[.=' Preview '] was found
16:00:48 INFO  manager.MyListener - start search for element with locator->>By.cssSelector: div[class=slider] div:nth-child(4)
16:00:48 INFO  manager.MyListener - element with locator->> By.cssSelector: div[class=slider] div:nth-child(4) was found
16:00:48 INFO  manager.MyListener - start search for element with locator->>By.cssSelector: div[class=header] button:first-of-type
16:00:48 INFO  manager.MyListener - element with locator->> By.cssSelector: div[class=header] button:first-of-type was found
16:00:53 INFO  manager.MyListener - start search for element with locator->>By.cssSelector: div[class=header] button:last-of-type
16:00:54 INFO  manager.MyListener - element with locator->> By.cssSelector: div[class=header] button:last-of-type was found
16:00:54 INFO  manager.MyListener - start search for element with locator->>By.xpath: //*[.='Publish ']
16:00:54 INFO  manager.MyListener - element with locator->> By.xpath: //*[.='Publish '] was found
16:00:54 INFO  manager.MyListener - start search for element with locator->>By.xpath: //a[.='Sign In']
16:00:54 INFO  manager.MyListener - element with locator->> By.xpath: //a[.='Sign In'] was found
16:00:54 INFO  manager.MyListener - start search for element with locator->>By.cssSelector: input#email
16:00:54 INFO  manager.MyListener - element with locator->> By.cssSelector: input#email was found
16:00:54 INFO  manager.MyListener - Something went wrong->>https://cv-bank-new.web.app/create
16:00:54 INFO  manager.MyListener - stale element reference: element is not attached to the page document
  (Session info: chrome=104.0.5112.81)
For documentation on this error, please visit: https://www.seleniumhq.org/exceptions/stale_element_reference.html
Build info: version: '3.141.59', revision: 'e82be7d358', time: '2018-11-14T08:17:03'
System info: host: 'ARTEMKA', ip: '192.168.0.103', os.name: 'Windows 10', os.arch: 'amd64', os.version: '10.0', java.version: '1.8.0_333'
Driver info: org.openqa.selenium.chrome.ChromeDriver
Capabilities {acceptInsecureCerts: false, browserName: chrome, browserVersion: 104.0.5112.81, chrome: {chromedriverVersion: 104.0.5112.79 (3cf3e8c8a07d..., userDataDir: C:\Users\ompre\AppData\Loca...}, goog:chromeOptions: {debuggerAddress: localhost:62248}, javascriptEnabled: true, networkConnectionEnabled: false, pageLoadStrategy: normal, platform: WINDOWS, platformName: WINDOWS, proxy: Proxy(), setWindowRect: true, strictFileInteractability: false, timeouts: {implicit: 0, pageLoad: 300000, script: 30000}, unhandledPromptBehavior: dismiss and notify, webauthn:extension:credBlob: true, webauthn:extension:largeBlob: true, webauthn:virtualAuthenticators: true}
Session ID: 7f7b43b6daaca59aa64c16c5fefe3f7b
16:00:54 INFO  manager.MyListener - org.openqa.selenium.StaleElementReferenceException: stale element reference: element is not attached to the page document
  (Session info: chrome=104.0.5112.81)
For documentation on this error, please visit: https://www.seleniumhq.org/exceptions/stale_element_reference.html
Build info: version: '3.141.59', revision: 'e82be7d358', time: '2018-11-14T08:17:03'
System info: host: 'ARTEMKA', ip: '192.168.0.103', os.name: 'Windows 10', os.arch: 'amd64', os.version: '10.0', java.version: '1.8.0_333'
Driver info: org.openqa.selenium.chrome.ChromeDriver
Capabilities {acceptInsecureCerts: false, browserName: chrome, browserVersion: 104.0.5112.81, chrome: {chromedriverVersion: 104.0.5112.79 (3cf3e8c8a07d..., userDataDir: C:\Users\ompre\AppData\Loca...}, goog:chromeOptions: {debuggerAddress: localhost:62248}, javascriptEnabled: true, networkConnectionEnabled: false, pageLoadStrategy: normal, platform: WINDOWS, platformName: WINDOWS, proxy: Proxy(), setWindowRect: true, strictFileInteractability: false, timeouts: {implicit: 0, pageLoad: 300000, script: 30000}, unhandledPromptBehavior: dismiss and notify, webauthn:extension:credBlob: true, webauthn:extension:largeBlob: true, webauthn:virtualAuthenticators: true}
Session ID: 7f7b43b6daaca59aa64c16c5fefe3f7b
16:00:55 INFO  manager.MyListener - start search for element with locator->>By.cssSelector: input#email
16:00:55 INFO  manager.MyListener - element with locator->> By.cssSelector: input#email was found
16:00:55 INFO  manager.MyListener - start search for element with locator->>By.cssSelector: input#email
16:00:55 INFO  manager.MyListener - element with locator->> By.cssSelector: input#email was found
16:00:55 INFO  manager.MyListener - start search for element with locator->>By.cssSelector: input#password
16:00:55 INFO  manager.MyListener - element with locator->> By.cssSelector: input#password was found
16:00:55 INFO  manager.MyListener - start search for element with locator->>By.cssSelector:  button[type='submit']
16:00:55 INFO  manager.MyListener - element with locator->> By.cssSelector:  button[type='submit'] was found
16:00:55 INFO  tests.TestBase - end to test method ->>createResume
