11:36:15 INFO  tests.TestBase - start to test method ->>createResume
11:36:15 INFO  manager.MyListener - start search for element with locator->>By.xpath: //span[.='create CV']
11:36:15 INFO  manager.MyListener - element with locator->>By.xpath: //span[.='create CV']was found
11:36:16 INFO  manager.MyListener - start search for element with locator->>By.xpath: (//div[@class='cover'])[1]
11:36:21 INFO  manager.MyListener - element with locator->>By.xpath: (//div[@class='cover'])[1]was found
11:36:21 INFO  manager.MyListener - start search for element with locator->>By.id: name
11:36:21 INFO  manager.MyListener - element with locator->>By.id: namewas found
11:36:22 INFO  manager.MyListener - start search for element with locator->>By.id: position
11:36:22 INFO  manager.MyListener - element with locator->>By.id: positionwas found
11:36:22 INFO  manager.MyListener - start search for element with locator->>By.xpath: //*[@aria-label='Open calendar']
11:36:22 INFO  manager.MyListener - element with locator->>By.xpath: //*[@aria-label='Open calendar']was found
11:36:22 INFO  manager.MyListener - start search for element with locator->>By.cssSelector: button[aria-label='Choose month and year']
11:36:23 INFO  manager.MyListener - element with locator->>By.cssSelector: button[aria-label='Choose month and year']was found
11:36:23 INFO  manager.MyListener - start search for element with locator->>By.cssSelector: tbody[role='grid'] tr:first-child td:first-child
11:36:23 INFO  manager.MyListener - element with locator->>By.cssSelector: tbody[role='grid'] tr:first-child td:first-childwas found
11:36:23 INFO  manager.MyListener - start search for element with locator->>By.xpath: //*[@aria-label='Previous 20 years']
11:36:23 INFO  manager.MyListener - element with locator->>By.xpath: //*[@aria-label='Previous 20 years']was found
11:36:23 INFO  manager.MyListener - start search for element with locator->>By.cssSelector: tbody[role='grid'] tr:first-child td:first-child
11:36:23 INFO  manager.MyListener - element with locator->>By.cssSelector: tbody[role='grid'] tr:first-child td:first-childwas found
11:36:23 INFO  manager.MyListener - start search for element with locator->>By.xpath: //*[.=' 1973 ']
11:36:23 INFO  manager.MyListener - element with locator->>By.xpath: //*[.=' 1973 ']was found
11:36:24 INFO  manager.MyListener - start search for element with locator->>By.xpath: //td[.=' 08 ']
11:36:34 INFO  manager.MyListener - Something went wrong->>https://cv-bank-new.web.app/create
11:36:34 INFO  manager.MyListener - no such element: Unable to locate element: {"method":"xpath","selector":"//td[.=' 08 ']"}
  (Session info: chrome=103.0.5060.134)
For documentation on this error, please visit: https://www.seleniumhq.org/exceptions/no_such_element.html
Build info: version: '3.141.59', revision: 'e82be7d358', time: '2018-11-14T08:17:03'
System info: host: 'DESKTOP-KF54E9L', ip: '192.168.42.118', os.name: 'Windows 10', os.arch: 'amd64', os.version: '10.0', java.version: '1.8.0_321'
Driver info: org.openqa.selenium.chrome.ChromeDriver
Capabilities {acceptInsecureCerts: false, browserName: chrome, browserVersion: 103.0.5060.134, chrome: {chromedriverVersion: 103.0.5060.134 (8ec6fce403b..., userDataDir: C:\Users\Olga\AppData\Local...}, goog:chromeOptions: {debuggerAddress: localhost:51909}, javascriptEnabled: true, networkConnectionEnabled: false, pageLoadStrategy: normal, platform: WINDOWS, platformName: WINDOWS, proxy: Proxy(), setWindowRect: true, strictFileInteractability: false, timeouts: {implicit: 0, pageLoad: 300000, script: 30000}, unhandledPromptBehavior: dismiss and notify, webauthn:extension:credBlob: true, webauthn:extension:largeBlob: true, webauthn:virtualAuthenticators: true}
Session ID: bc13a425e6606a53cf6d3f907fb393ea
*** Element info: {Using=xpath, value=//td[.=' 08 ']}
11:36:34 INFO  manager.MyListener - org.openqa.selenium.NoSuchElementException: no such element: Unable to locate element: {"method":"xpath","selector":"//td[.=' 08 ']"}
  (Session info: chrome=103.0.5060.134)
For documentation on this error, please visit: https://www.seleniumhq.org/exceptions/no_such_element.html
Build info: version: '3.141.59', revision: 'e82be7d358', time: '2018-11-14T08:17:03'
System info: host: 'DESKTOP-KF54E9L', ip: '192.168.42.118', os.name: 'Windows 10', os.arch: 'amd64', os.version: '10.0', java.version: '1.8.0_321'
Driver info: org.openqa.selenium.chrome.ChromeDriver
Capabilities {acceptInsecureCerts: false, browserName: chrome, browserVersion: 103.0.5060.134, chrome: {chromedriverVersion: 103.0.5060.134 (8ec6fce403b..., userDataDir: C:\Users\Olga\AppData\Local...}, goog:chromeOptions: {debuggerAddress: localhost:51909}, javascriptEnabled: true, networkConnectionEnabled: false, pageLoadStrategy: normal, platform: WINDOWS, platformName: WINDOWS, proxy: Proxy(), setWindowRect: true, strictFileInteractability: false, timeouts: {implicit: 0, pageLoad: 300000, script: 30000}, unhandledPromptBehavior: dismiss and notify, webauthn:extension:credBlob: true, webauthn:extension:largeBlob: true, webauthn:virtualAuthenticators: true}
Session ID: bc13a425e6606a53cf6d3f907fb393ea
*** Element info: {Using=xpath, value=//td[.=' 08 ']}
11:36:34 INFO  tests.TestBase - end to test method ->>createResume
