20:01:01 INFO  manager.ApplicationManager - All tests start in Chrome
20:01:03 INFO  manager.MyListener - start search for element with locator->>By.xpath: //*[text()=' logout ']
20:01:13 INFO  manager.MyListener - element with locator->> By.xpath: //*[text()=' logout '] was found
20:01:13 INFO  manager.MyListener - start search for element with locator->>By.xpath: //*[.='sign in']
20:01:14 INFO  manager.MyListener - element with locator->> By.xpath: //*[.='sign in'] was found
20:01:14 INFO  manager.MyListener - start search for element with locator->>By.cssSelector: input#email
20:01:15 INFO  manager.MyListener - element with locator->> By.cssSelector: input#email was found
20:01:15 INFO  manager.MyListener - start search for element with locator->>By.cssSelector: input#password
20:01:15 INFO  manager.MyListener - element with locator->> By.cssSelector: input#password was found
20:01:15 INFO  manager.MyListener - start search for element with locator->>By.cssSelector:  button[type='submit']
20:01:15 INFO  manager.MyListener - element with locator->> By.cssSelector:  button[type='submit'] was found
20:01:16 INFO  tests.TestBase - start to test method ->>deleteByName
20:01:16 INFO  manager.MyListener - start search for element with locator->>By.cssSelector: ul[class='ng-star-inserted'] li cv-seeker-cv-row
20:01:18 INFO  manager.MyListener - element with locator->> By.cssSelector: ul[class='ng-star-inserted'] li cv-seeker-cv-row was found
20:01:18 INFO  manager.HelperBase - Total amount of already created CV = ->>66
20:01:19 INFO  manager.HelperBase - Total CV to be deleted = 0
20:01:19 INFO  manager.MyListener - start search for element with locator->>By.xpath: //button[. = 'delete']
20:01:19 INFO  manager.MyListener - element with locator->> By.xpath: //button[. = 'delete'] was found
20:01:19 INFO  manager.MyListener - start search for element with locator->>By.xpath: //button[. = 'Delete ']
20:01:29 INFO  manager.MyListener - Something went wrong->>https://cv-bank-new.web.app/seeker/dashboard
20:01:29 INFO  manager.MyListener - no such element: Unable to locate element: {"method":"xpath","selector":"//button[. = 'Delete ']"}
  (Session info: chrome=104.0.5112.81)
For documentation on this error, please visit: https://www.seleniumhq.org/exceptions/no_such_element.html
Build info: version: '3.141.59', revision: 'e82be7d358', time: '2018-11-14T08:17:03'
System info: host: 'ARTEMKA', ip: '192.168.0.103', os.name: 'Windows 10', os.arch: 'amd64', os.version: '10.0', java.version: '1.8.0_333'
Driver info: org.openqa.selenium.chrome.ChromeDriver
Capabilities {acceptInsecureCerts: false, browserName: chrome, browserVersion: 104.0.5112.81, chrome: {chromedriverVersion: 104.0.5112.79 (3cf3e8c8a07d..., userDataDir: C:\Users\ompre\AppData\Loca...}, goog:chromeOptions: {debuggerAddress: localhost:56408}, javascriptEnabled: true, networkConnectionEnabled: false, pageLoadStrategy: normal, platform: WINDOWS, platformName: WINDOWS, proxy: Proxy(), setWindowRect: true, strictFileInteractability: false, timeouts: {implicit: 0, pageLoad: 300000, script: 30000}, unhandledPromptBehavior: dismiss and notify, webauthn:extension:credBlob: true, webauthn:extension:largeBlob: true, webauthn:virtualAuthenticators: true}
Session ID: 42c2144b775c45ee37daed286f856360
*** Element info: {Using=xpath, value=//button[. = 'Delete ']}
20:01:29 INFO  manager.MyListener - org.openqa.selenium.NoSuchElementException: no such element: Unable to locate element: {"method":"xpath","selector":"//button[. = 'Delete ']"}
  (Session info: chrome=104.0.5112.81)
For documentation on this error, please visit: https://www.seleniumhq.org/exceptions/no_such_element.html
Build info: version: '3.141.59', revision: 'e82be7d358', time: '2018-11-14T08:17:03'
System info: host: 'ARTEMKA', ip: '192.168.0.103', os.name: 'Windows 10', os.arch: 'amd64', os.version: '10.0', java.version: '1.8.0_333'
Driver info: org.openqa.selenium.chrome.ChromeDriver
Capabilities {acceptInsecureCerts: false, browserName: chrome, browserVersion: 104.0.5112.81, chrome: {chromedriverVersion: 104.0.5112.79 (3cf3e8c8a07d..., userDataDir: C:\Users\ompre\AppData\Loca...}, goog:chromeOptions: {debuggerAddress: localhost:56408}, javascriptEnabled: true, networkConnectionEnabled: false, pageLoadStrategy: normal, platform: WINDOWS, platformName: WINDOWS, proxy: Proxy(), setWindowRect: true, strictFileInteractability: false, timeouts: {implicit: 0, pageLoad: 300000, script: 30000}, unhandledPromptBehavior: dismiss and notify, webauthn:extension:credBlob: true, webauthn:extension:largeBlob: true, webauthn:virtualAuthenticators: true}
Session ID: 42c2144b775c45ee37daed286f856360
*** Element info: {Using=xpath, value=//button[. = 'Delete ']}
20:01:30 INFO  tests.TestBase - end to test method ->>deleteByName
