19:41:26 INFO  manager.ApplicationManager - All tests start in Chrome
19:41:29 INFO  manager.MyListener - start search for element with locator->>By.xpath: //*[text()=' logout ']
19:41:39 INFO  manager.MyListener - element with locator->> By.xpath: //*[text()=' logout '] was found
19:41:39 INFO  manager.MyListener - start search for element with locator->>By.xpath: //*[.='sign in']
19:41:39 INFO  manager.MyListener - element with locator->> By.xpath: //*[.='sign in'] was found
19:41:39 INFO  manager.MyListener - start search for element with locator->>By.cssSelector: input#email
19:41:41 INFO  manager.MyListener - element with locator->> By.cssSelector: input#email was found
19:41:41 INFO  manager.MyListener - start search for element with locator->>By.cssSelector: input#password
19:41:41 INFO  manager.MyListener - element with locator->> By.cssSelector: input#password was found
19:41:41 INFO  manager.MyListener - start search for element with locator->>By.cssSelector:  button[type='submit']
19:41:41 INFO  manager.MyListener - element with locator->> By.cssSelector:  button[type='submit'] was found
19:41:41 INFO  tests.TestBase - start to test method ->>deleteByName
19:41:41 INFO  manager.MyListener - start search for element with locator->>By.cssSelector: ul[class='ng-star-inserted'] li cv-seeker-cv-row
19:41:43 INFO  manager.MyListener - element with locator->> By.cssSelector: ul[class='ng-star-inserted'] li cv-seeker-cv-row was found
19:41:43 INFO  manager.HelperBase - Total amount of already created CV = ->>66
19:41:43 INFO  manager.HelperBase - Total CV to be deleted = 0
19:41:43 INFO  manager.HelperBase - Total CV to be deleted = 0
19:41:43 INFO  manager.HelperBase - Total CV to be deleted = 0
19:41:44 INFO  manager.HelperBase - Total CV to be deleted = 1
19:41:44 INFO  manager.HelperBase - Total CV to be deleted = 2
19:41:45 INFO  manager.HelperBase - Total CV to be deleted = 3
19:41:45 INFO  manager.HelperBase - Total CV to be deleted = 4
19:41:46 INFO  manager.HelperBase - Total CV to be deleted = 5
19:41:46 INFO  manager.HelperBase - Total CV to be deleted = 6
19:41:46 INFO  manager.HelperBase - Total CV to be deleted = 7
19:41:47 INFO  manager.HelperBase - Total CV to be deleted = 8
19:41:47 INFO  manager.HelperBase - Total CV to be deleted = 9
19:41:48 INFO  manager.HelperBase - Total CV to be deleted = 10
19:41:48 INFO  manager.HelperBase - Total CV to be deleted = 11
19:41:48 INFO  manager.HelperBase - Total CV to be deleted = 12
19:41:49 INFO  manager.HelperBase - Total CV to be deleted = 13
19:41:49 INFO  manager.HelperBase - Total CV to be deleted = 14
19:41:50 INFO  manager.HelperBase - Total CV to be deleted = 15
19:41:50 INFO  manager.HelperBase - Total CV to be deleted = 16
19:41:51 INFO  manager.HelperBase - Total CV to be deleted = 17
19:41:51 INFO  manager.HelperBase - Total CV to be deleted = 18
19:41:51 INFO  manager.HelperBase - Total CV to be deleted = 19
19:41:52 INFO  manager.HelperBase - Total CV to be deleted = 20
19:41:52 INFO  manager.HelperBase - Total CV to be deleted = 21
19:41:53 INFO  manager.HelperBase - Total CV to be deleted = 22
19:41:53 INFO  manager.HelperBase - Total CV to be deleted = 23
19:41:54 INFO  manager.HelperBase - Total CV to be deleted = 24
19:41:54 INFO  manager.HelperBase - Total CV to be deleted = 25
19:41:55 INFO  manager.HelperBase - Total CV to be deleted = 26
19:41:55 INFO  manager.HelperBase - Total CV to be deleted = 27
19:41:55 INFO  manager.HelperBase - Total CV to be deleted = 28
19:41:56 INFO  manager.HelperBase - Total CV to be deleted = 29
19:41:56 INFO  manager.HelperBase - Total CV to be deleted = 29
19:41:56 INFO  manager.HelperBase - Total CV to be deleted = 30
19:41:57 INFO  manager.HelperBase - Total CV to be deleted = 31
19:41:57 INFO  manager.HelperBase - Total CV to be deleted = 32
19:41:58 INFO  manager.HelperBase - Total CV to be deleted = 33
19:41:58 INFO  manager.HelperBase - Total CV to be deleted = 34
19:41:58 INFO  manager.HelperBase - Total CV to be deleted = 35
19:41:59 INFO  manager.HelperBase - Total CV to be deleted = 36
19:41:59 INFO  manager.HelperBase - Total CV to be deleted = 37
19:42:00 INFO  manager.HelperBase - Total CV to be deleted = 38
19:42:00 INFO  manager.HelperBase - Total CV to be deleted = 39
19:42:00 INFO  manager.HelperBase - Total CV to be deleted = 40
19:42:01 INFO  manager.HelperBase - Total CV to be deleted = 41
19:42:01 INFO  manager.HelperBase - Total CV to be deleted = 42
19:42:02 INFO  manager.HelperBase - Total CV to be deleted = 43
19:42:02 INFO  manager.HelperBase - Total CV to be deleted = 44
19:42:03 INFO  manager.HelperBase - Total CV to be deleted = 45
19:42:03 INFO  manager.HelperBase - Total CV to be deleted = 46
19:42:03 INFO  manager.HelperBase - Total CV to be deleted = 47
19:42:04 INFO  manager.HelperBase - Total CV to be deleted = 48
19:42:04 INFO  manager.HelperBase - Total CV to be deleted = 49
19:42:05 INFO  manager.HelperBase - Total CV to be deleted = 50
19:42:05 INFO  manager.HelperBase - Total CV to be deleted = 51
19:42:05 INFO  manager.HelperBase - Total CV to be deleted = 52
19:42:06 INFO  manager.HelperBase - Total CV to be deleted = 53
19:42:06 INFO  manager.HelperBase - Total CV to be deleted = 54
19:42:07 INFO  manager.HelperBase - Total CV to be deleted = 55
19:42:07 INFO  manager.HelperBase - Total CV to be deleted = 56
19:42:08 INFO  manager.HelperBase - Total CV to be deleted = 57
19:42:08 INFO  manager.HelperBase - Total CV to be deleted = 58
19:42:08 INFO  manager.HelperBase - Total CV to be deleted = 59
19:42:09 INFO  manager.HelperBase - Total CV to be deleted = 60
19:42:09 INFO  manager.HelperBase - Total CV to be deleted = 61
19:42:10 INFO  manager.HelperBase - Total CV to be deleted = 62
19:42:10 INFO  manager.MyListener - start search for element with locator->>By.xpath: //button[. = 'delete']
19:42:10 INFO  manager.MyListener - element with locator->> By.xpath: //button[. = 'delete'] was found
19:42:10 INFO  manager.MyListener - start search for element with locator->>By.xpath: //button[. = 'Delete ']
19:42:20 INFO  manager.MyListener - Something went wrong->>https://cv-bank-new.web.app/seeker/dashboard
19:42:20 INFO  manager.MyListener - no such element: Unable to locate element: {"method":"xpath","selector":"//button[. = 'Delete ']"}
  (Session info: chrome=104.0.5112.81)
For documentation on this error, please visit: https://www.seleniumhq.org/exceptions/no_such_element.html
Build info: version: '3.141.59', revision: 'e82be7d358', time: '2018-11-14T08:17:03'
System info: host: 'ARTEMKA', ip: '192.168.0.103', os.name: 'Windows 10', os.arch: 'amd64', os.version: '10.0', java.version: '1.8.0_333'
Driver info: org.openqa.selenium.chrome.ChromeDriver
Capabilities {acceptInsecureCerts: false, browserName: chrome, browserVersion: 104.0.5112.81, chrome: {chromedriverVersion: 104.0.5112.79 (3cf3e8c8a07d..., userDataDir: C:\Users\ompre\AppData\Loca...}, goog:chromeOptions: {debuggerAddress: localhost:51185}, javascriptEnabled: true, networkConnectionEnabled: false, pageLoadStrategy: normal, platform: WINDOWS, platformName: WINDOWS, proxy: Proxy(), setWindowRect: true, strictFileInteractability: false, timeouts: {implicit: 0, pageLoad: 300000, script: 30000}, unhandledPromptBehavior: dismiss and notify, webauthn:extension:credBlob: true, webauthn:extension:largeBlob: true, webauthn:virtualAuthenticators: true}
Session ID: 19143d997d89b39363f778153b28ae2a
*** Element info: {Using=xpath, value=//button[. = 'Delete ']}
19:42:20 INFO  manager.MyListener - org.openqa.selenium.NoSuchElementException: no such element: Unable to locate element: {"method":"xpath","selector":"//button[. = 'Delete ']"}
  (Session info: chrome=104.0.5112.81)
For documentation on this error, please visit: https://www.seleniumhq.org/exceptions/no_such_element.html
Build info: version: '3.141.59', revision: 'e82be7d358', time: '2018-11-14T08:17:03'
System info: host: 'ARTEMKA', ip: '192.168.0.103', os.name: 'Windows 10', os.arch: 'amd64', os.version: '10.0', java.version: '1.8.0_333'
Driver info: org.openqa.selenium.chrome.ChromeDriver
Capabilities {acceptInsecureCerts: false, browserName: chrome, browserVersion: 104.0.5112.81, chrome: {chromedriverVersion: 104.0.5112.79 (3cf3e8c8a07d..., userDataDir: C:\Users\ompre\AppData\Loca...}, goog:chromeOptions: {debuggerAddress: localhost:51185}, javascriptEnabled: true, networkConnectionEnabled: false, pageLoadStrategy: normal, platform: WINDOWS, platformName: WINDOWS, proxy: Proxy(), setWindowRect: true, strictFileInteractability: false, timeouts: {implicit: 0, pageLoad: 300000, script: 30000}, unhandledPromptBehavior: dismiss and notify, webauthn:extension:credBlob: true, webauthn:extension:largeBlob: true, webauthn:virtualAuthenticators: true}
Session ID: 19143d997d89b39363f778153b28ae2a
*** Element info: {Using=xpath, value=//button[. = 'Delete ']}
19:42:20 INFO  tests.TestBase - end to test method ->>deleteByName
