18:25:50 INFO  manager.ApplicationManager - All tests start in Chrome
18:26:01 INFO  manager.MyListener - start search for element with locator->>By.xpath: //*[text()=' logout ']
18:26:11 INFO  manager.MyListener - element with locator->> By.xpath: //*[text()=' logout '] was found
18:26:11 INFO  manager.MyListener - start search for element with locator->>By.xpath: //*[.='sign in']
18:26:11 INFO  manager.MyListener - element with locator->> By.xpath: //*[.='sign in'] was found
18:26:12 INFO  manager.MyListener - start search for element with locator->>By.cssSelector: input#email
18:26:15 INFO  manager.MyListener - element with locator->> By.cssSelector: input#email was found
18:26:16 INFO  manager.MyListener - start search for element with locator->>By.cssSelector: input#password
18:26:16 INFO  manager.MyListener - element with locator->> By.cssSelector: input#password was found
18:26:16 INFO  manager.MyListener - start search for element with locator->>By.cssSelector:  button[type='submit']
18:26:16 INFO  manager.MyListener - element with locator->> By.cssSelector:  button[type='submit'] was found
18:26:16 INFO  tests.TestBase - start to test method ->>deleteByName
18:26:16 INFO  manager.MyListener - start search for element with locator->>By.cssSelector: ul[class='ng-star-inserted'] li cv-seeker-cv-row
18:26:20 INFO  manager.MyListener - element with locator->> By.cssSelector: ul[class='ng-star-inserted'] li cv-seeker-cv-row was found
18:26:20 INFO  manager.HelperBase - Total amount of already created CV = ->>75
18:26:22 INFO  manager.MyListener - start search for element with locator->>By.xpath: //button[. = 'delete']
18:26:22 INFO  manager.MyListener - element with locator->> By.xpath: //button[. = 'delete'] was found
18:26:23 INFO  manager.MyListener - start search for element with locator->>By.xpath: //button[. = 'Delete ']
18:26:23 INFO  manager.MyListener - element with locator->> By.xpath: //button[. = 'Delete '] was found
18:26:25 INFO  manager.MyListener - Something went wrong->>https://cv-bank-new.web.app/seeker/dashboard
18:26:25 INFO  manager.MyListener - stale element reference: element is not attached to the page document
  (Session info: chrome=104.0.5112.79)
For documentation on this error, please visit: https://www.seleniumhq.org/exceptions/stale_element_reference.html
Build info: version: '3.141.59', revision: 'e82be7d358', time: '2018-11-14T08:17:03'
System info: host: 'DESKTOP-KF54E9L', ip: '192.168.42.118', os.name: 'Windows 10', os.arch: 'amd64', os.version: '10.0', java.version: '1.8.0_321'
Driver info: org.openqa.selenium.chrome.ChromeDriver
Capabilities {acceptInsecureCerts: false, browserName: chrome, browserVersion: 104.0.5112.79, chrome: {chromedriverVersion: 103.0.5060.134 (8ec6fce403b..., userDataDir: C:\Users\Olga\AppData\Local...}, goog:chromeOptions: {debuggerAddress: localhost:54503}, javascriptEnabled: true, networkConnectionEnabled: false, pageLoadStrategy: normal, platform: WINDOWS, platformName: WINDOWS, proxy: Proxy(), setWindowRect: true, strictFileInteractability: false, timeouts: {implicit: 0, pageLoad: 300000, script: 30000}, unhandledPromptBehavior: dismiss and notify, webauthn:extension:credBlob: true, webauthn:extension:largeBlob: true, webauthn:virtualAuthenticators: true}
Session ID: c8b17606cae02ef74fab863c48ae167b
18:26:25 INFO  manager.MyListener - org.openqa.selenium.StaleElementReferenceException: stale element reference: element is not attached to the page document
  (Session info: chrome=104.0.5112.79)
For documentation on this error, please visit: https://www.seleniumhq.org/exceptions/stale_element_reference.html
Build info: version: '3.141.59', revision: 'e82be7d358', time: '2018-11-14T08:17:03'
System info: host: 'DESKTOP-KF54E9L', ip: '192.168.42.118', os.name: 'Windows 10', os.arch: 'amd64', os.version: '10.0', java.version: '1.8.0_321'
Driver info: org.openqa.selenium.chrome.ChromeDriver
Capabilities {acceptInsecureCerts: false, browserName: chrome, browserVersion: 104.0.5112.79, chrome: {chromedriverVersion: 103.0.5060.134 (8ec6fce403b..., userDataDir: C:\Users\Olga\AppData\Local...}, goog:chromeOptions: {debuggerAddress: localhost:54503}, javascriptEnabled: true, networkConnectionEnabled: false, pageLoadStrategy: normal, platform: WINDOWS, platformName: WINDOWS, proxy: Proxy(), setWindowRect: true, strictFileInteractability: false, timeouts: {implicit: 0, pageLoad: 300000, script: 30000}, unhandledPromptBehavior: dismiss and notify, webauthn:extension:credBlob: true, webauthn:extension:largeBlob: true, webauthn:virtualAuthenticators: true}
Session ID: c8b17606cae02ef74fab863c48ae167b
18:26:25 INFO  tests.TestBase - end to test method ->>deleteByName
