15:55:15 INFO  manager.ApplicationManager - All tests start in Chrome
15:55:17 INFO  tests.TestBase - start to test method ->>createResume
15:55:17 INFO  manager.MyListener - start search for element with locator->>By.xpath: //span[.='create CV']
15:55:17 INFO  manager.MyListener - element with locator->> By.xpath: //span[.='create CV'] was found
15:55:18 INFO  manager.MyListener - start search for element with locator->>By.xpath: (//div[@class='cover'])[1]
15:55:19 INFO  manager.MyListener - element with locator->> By.xpath: (//div[@class='cover'])[1] was found
15:55:19 INFO  manager.MyListener - start search for element with locator->>By.id: name
15:55:19 INFO  manager.MyListener - element with locator->> By.id: name was found
15:55:19 INFO  manager.MyListener - start search for element with locator->>By.id: position
15:55:19 INFO  manager.MyListener - element with locator->> By.id: position was found
15:55:19 INFO  manager.MyListener - start search for element with locator->>By.xpath: //*[@aria-label='Open calendar']
15:55:19 INFO  manager.MyListener - element with locator->> By.xpath: //*[@aria-label='Open calendar'] was found
15:55:20 INFO  manager.MyListener - start search for element with locator->>By.cssSelector: button[aria-label='Choose month and year']
15:55:20 INFO  manager.MyListener - element with locator->> By.cssSelector: button[aria-label='Choose month and year'] was found
15:55:20 INFO  manager.MyListener - start search for element with locator->>By.cssSelector: tbody[role='grid'] tr:first-child td:first-child div
15:55:20 INFO  manager.MyListener - element with locator->> By.cssSelector: tbody[role='grid'] tr:first-child td:first-child div was found
15:55:20 INFO  manager.MyListener - start search for element with locator->>By.xpath: //*[@aria-label='Previous 20 years']
15:55:20 INFO  manager.MyListener - element with locator->> By.xpath: //*[@aria-label='Previous 20 years'] was found
15:55:20 INFO  manager.MyListener - start search for element with locator->>By.cssSelector: tbody[role='grid'] tr:first-child td:first-child
15:55:20 INFO  manager.MyListener - element with locator->> By.cssSelector: tbody[role='grid'] tr:first-child td:first-child was found
15:55:20 INFO  manager.MyListener - start search for element with locator->>By.xpath: //*[.=' 1973 ']
15:55:20 INFO  manager.MyListener - element with locator->> By.xpath: //*[.=' 1973 '] was found
15:55:20 INFO  manager.MyListener - start search for element with locator->>By.xpath: //td[.=' AUG ']
15:55:20 INFO  manager.MyListener - element with locator->> By.xpath: //td[.=' AUG '] was found
15:55:20 INFO  manager.MyListener - start search for element with locator->>By.xpath: //div[.=' 12 ']
15:55:20 INFO  manager.MyListener - element with locator->> By.xpath: //div[.=' 12 '] was found
15:55:20 INFO  manager.MyListener - start search for element with locator->>By.id: country
15:55:20 INFO  manager.MyListener - element with locator->> By.id: country was found
15:55:20 INFO  manager.MyListener - start search for element with locator->>By.id: city
15:55:20 INFO  manager.MyListener - element with locator->> By.id: city was found
15:55:20 INFO  manager.MyListener - start search for element with locator->>By.id: phone
15:55:20 INFO  manager.MyListener - element with locator->> By.id: phone was found
15:55:21 INFO  manager.MyListener - start search for element with locator->>By.id: email
15:55:21 INFO  manager.MyListener - element with locator->> By.id: email was found
15:55:21 INFO  manager.MyListener - start search for element with locator->>By.xpath: //span[.='Save']
15:55:21 INFO  manager.MyListener - element with locator->> By.xpath: //span[.='Save'] was found
15:55:21 INFO  manager.MyListener - start search for element with locator->>By.cssSelector: section#header div[class=title] h2
15:55:21 INFO  manager.MyListener - element with locator->> By.cssSelector: section#header div[class=title] h2 was found
15:55:21 INFO  manager.MyListener - start search for element with locator->>By.id: experience
15:55:21 INFO  manager.MyListener - element with locator->> By.id: experience was found
15:55:21 INFO  manager.MyListener - start search for element with locator->>By.id: startDate
15:55:21 INFO  manager.MyListener - element with locator->> By.id: startDate was found
15:55:21 INFO  manager.MyListener - start search for element with locator->>By.id: endDate
15:55:21 INFO  manager.MyListener - element with locator->> By.id: endDate was found
15:55:21 INFO  manager.MyListener - start search for element with locator->>By.id: companyName
15:55:21 INFO  manager.MyListener - element with locator->> By.id: companyName was found
15:55:22 INFO  manager.MyListener - start search for element with locator->>By.id: companyLocation
15:55:22 INFO  manager.MyListener - element with locator->> By.id: companyLocation was found
15:55:22 INFO  manager.MyListener - start search for element with locator->>By.id: url
15:55:22 INFO  manager.MyListener - element with locator->> By.id: url was found
15:55:22 INFO  manager.MyListener - start search for element with locator->>By.id: position
15:55:22 INFO  manager.MyListener - element with locator->> By.id: position was found
15:55:22 INFO  manager.MyListener - start search for element with locator->>By.cssSelector: button[type='submit']
15:55:22 INFO  manager.MyListener - element with locator->> By.cssSelector: button[type='submit'] was found
15:55:22 INFO  manager.MyListener - start search for element with locator->>By.cssSelector: section#experience ul
15:55:22 INFO  manager.MyListener - element with locator->> By.cssSelector: section#experience ul was found
15:55:22 INFO  manager.MyListener - start search for element with locator->>By.xpath: //*[.=' Preview ']
15:55:22 INFO  manager.MyListener - element with locator->> By.xpath: //*[.=' Preview '] was found
15:55:22 INFO  manager.MyListener - start search for element with locator->>By.cssSelector: div[class=slider] div:nth-child(4)
15:55:22 INFO  manager.MyListener - element with locator->> By.cssSelector: div[class=slider] div:nth-child(4) was found
15:55:22 INFO  manager.MyListener - start search for element with locator->>By.cssSelector: div[class=header] button:first-of-type
15:55:22 INFO  manager.MyListener - element with locator->> By.cssSelector: div[class=header] button:first-of-type was found
15:55:28 INFO  manager.MyListener - start search for element with locator->>By.cssSelector: div[class=header] button:last-of-type
15:55:28 INFO  manager.MyListener - element with locator->> By.cssSelector: div[class=header] button:last-of-type was found
15:55:28 INFO  manager.MyListener - start search for element with locator->>By.xpath: //*[.='Publish ']
15:55:28 INFO  manager.MyListener - element with locator->> By.xpath: //*[.='Publish '] was found
15:55:28 INFO  manager.MyListener - start search for element with locator->>By.xpath: //a[.='Sign In']
15:55:28 INFO  manager.MyListener - element with locator->> By.xpath: //a[.='Sign In'] was found
15:55:28 INFO  manager.MyListener - start search for element with locator->>By.xpath: //*[.='email']
15:55:38 INFO  manager.MyListener - Something went wrong->>https://cv-bank-new.web.app/create
15:55:38 INFO  manager.MyListener - no such element: Unable to locate element: {"method":"xpath","selector":"//*[.='email']"}
  (Session info: chrome=104.0.5112.81)
For documentation on this error, please visit: https://www.seleniumhq.org/exceptions/no_such_element.html
Build info: version: '3.141.59', revision: 'e82be7d358', time: '2018-11-14T08:17:03'
System info: host: 'ARTEMKA', ip: '192.168.0.103', os.name: 'Windows 10', os.arch: 'amd64', os.version: '10.0', java.version: '1.8.0_333'
Driver info: org.openqa.selenium.chrome.ChromeDriver
Capabilities {acceptInsecureCerts: false, browserName: chrome, browserVersion: 104.0.5112.81, chrome: {chromedriverVersion: 104.0.5112.79 (3cf3e8c8a07d..., userDataDir: C:\Users\ompre\AppData\Loca...}, goog:chromeOptions: {debuggerAddress: localhost:60967}, javascriptEnabled: true, networkConnectionEnabled: false, pageLoadStrategy: normal, platform: WINDOWS, platformName: WINDOWS, proxy: Proxy(), setWindowRect: true, strictFileInteractability: false, timeouts: {implicit: 0, pageLoad: 300000, script: 30000}, unhandledPromptBehavior: dismiss and notify, webauthn:extension:credBlob: true, webauthn:extension:largeBlob: true, webauthn:virtualAuthenticators: true}
Session ID: 429e0518bb586f54f7e978e7c5bae7fe
*** Element info: {Using=xpath, value=//*[.='email']}
15:55:38 INFO  manager.MyListener - org.openqa.selenium.NoSuchElementException: no such element: Unable to locate element: {"method":"xpath","selector":"//*[.='email']"}
  (Session info: chrome=104.0.5112.81)
For documentation on this error, please visit: https://www.seleniumhq.org/exceptions/no_such_element.html
Build info: version: '3.141.59', revision: 'e82be7d358', time: '2018-11-14T08:17:03'
System info: host: 'ARTEMKA', ip: '192.168.0.103', os.name: 'Windows 10', os.arch: 'amd64', os.version: '10.0', java.version: '1.8.0_333'
Driver info: org.openqa.selenium.chrome.ChromeDriver
Capabilities {acceptInsecureCerts: false, browserName: chrome, browserVersion: 104.0.5112.81, chrome: {chromedriverVersion: 104.0.5112.79 (3cf3e8c8a07d..., userDataDir: C:\Users\ompre\AppData\Loca...}, goog:chromeOptions: {debuggerAddress: localhost:60967}, javascriptEnabled: true, networkConnectionEnabled: false, pageLoadStrategy: normal, platform: WINDOWS, platformName: WINDOWS, proxy: Proxy(), setWindowRect: true, strictFileInteractability: false, timeouts: {implicit: 0, pageLoad: 300000, script: 30000}, unhandledPromptBehavior: dismiss and notify, webauthn:extension:credBlob: true, webauthn:extension:largeBlob: true, webauthn:virtualAuthenticators: true}
Session ID: 429e0518bb586f54f7e978e7c5bae7fe
*** Element info: {Using=xpath, value=//*[.='email']}
15:55:38 INFO  tests.TestBase - end to test method ->>createResume
