20:16:05 INFO  manager.ApplicationManager - All tests start in Chrome
20:16:09 INFO  manager.MyListener - start search for element with locator->>By.xpath: //*[text()=' logout ']
20:16:19 INFO  manager.MyListener - element with locator->> By.xpath: //*[text()=' logout '] was found
20:16:19 INFO  manager.MyListener - start search for element with locator->>By.xpath: //*[.='sign in']
20:16:19 INFO  manager.MyListener - element with locator->> By.xpath: //*[.='sign in'] was found
20:16:19 INFO  manager.MyListener - start search for element with locator->>By.cssSelector: input#email
20:16:21 INFO  manager.MyListener - element with locator->> By.cssSelector: input#email was found
20:16:21 INFO  manager.MyListener - start search for element with locator->>By.cssSelector: input#password
20:16:21 INFO  manager.MyListener - element with locator->> By.cssSelector: input#password was found
20:16:21 INFO  manager.MyListener - start search for element with locator->>By.cssSelector:  button[type='submit']
20:16:21 INFO  manager.MyListener - element with locator->> By.cssSelector:  button[type='submit'] was found
20:16:21 INFO  tests.TestBase - start to test method ->>deleteByName
20:16:21 INFO  manager.MyListener - start search for element with locator->>By.cssSelector: ul[class='ng-star-inserted'] li cv-seeker-cv-row
20:16:23 INFO  manager.MyListener - element with locator->> By.cssSelector: ul[class='ng-star-inserted'] li cv-seeker-cv-row was found
20:16:23 INFO  manager.HelperBase - Total amount of already created CV = ->>66
20:16:23 INFO  manager.HelperBase - Total CV to be deleted = 0
20:16:23 INFO  manager.HelperBase - Total CV to be deleted = 0
20:16:23 INFO  manager.HelperBase - Total CV to be deleted = 0
20:16:24 INFO  manager.HelperBase - Total CV to be deleted = 1
20:16:24 INFO  manager.HelperBase - Total CV to be deleted = 2
20:16:25 INFO  manager.HelperBase - Total CV to be deleted = 3
20:16:25 INFO  manager.HelperBase - Total CV to be deleted = 4
20:16:25 INFO  manager.HelperBase - Total CV to be deleted = 5
20:16:26 INFO  manager.HelperBase - Total CV to be deleted = 6
20:16:26 INFO  manager.HelperBase - Total CV to be deleted = 7
20:16:27 INFO  manager.HelperBase - Total CV to be deleted = 8
20:16:27 INFO  manager.HelperBase - Total CV to be deleted = 9
20:16:27 INFO  manager.HelperBase - Total CV to be deleted = 10
20:16:28 INFO  manager.HelperBase - Total CV to be deleted = 11
20:16:28 INFO  manager.HelperBase - Total CV to be deleted = 12
20:16:29 INFO  manager.HelperBase - Total CV to be deleted = 13
20:16:29 INFO  manager.HelperBase - Total CV to be deleted = 14
20:16:30 INFO  manager.HelperBase - Total CV to be deleted = 15
20:16:30 INFO  manager.HelperBase - Total CV to be deleted = 16
20:16:30 INFO  manager.HelperBase - Total CV to be deleted = 17
20:16:31 INFO  manager.HelperBase - Total CV to be deleted = 18
20:16:31 INFO  manager.HelperBase - Total CV to be deleted = 19
20:16:32 INFO  manager.HelperBase - Total CV to be deleted = 20
20:16:32 INFO  manager.HelperBase - Total CV to be deleted = 21
20:16:33 INFO  manager.HelperBase - Total CV to be deleted = 22
20:16:33 INFO  manager.HelperBase - Total CV to be deleted = 23
20:16:33 INFO  manager.HelperBase - Total CV to be deleted = 24
20:16:34 INFO  manager.HelperBase - Total CV to be deleted = 25
20:16:34 INFO  manager.HelperBase - Total CV to be deleted = 26
20:16:35 INFO  manager.HelperBase - Total CV to be deleted = 27
20:16:35 INFO  manager.HelperBase - Total CV to be deleted = 28
20:16:36 INFO  manager.HelperBase - Total CV to be deleted = 29
20:16:36 INFO  manager.HelperBase - Total CV to be deleted = 29
20:16:36 INFO  manager.HelperBase - Total CV to be deleted = 30
20:16:36 INFO  manager.HelperBase - Total CV to be deleted = 31
20:16:37 INFO  manager.HelperBase - Total CV to be deleted = 32
20:16:37 INFO  manager.HelperBase - Total CV to be deleted = 33
20:16:38 INFO  manager.HelperBase - Total CV to be deleted = 34
20:16:38 INFO  manager.HelperBase - Total CV to be deleted = 35
20:16:39 INFO  manager.HelperBase - Total CV to be deleted = 36
20:16:39 INFO  manager.HelperBase - Total CV to be deleted = 37
20:16:39 INFO  manager.HelperBase - Total CV to be deleted = 38
20:16:40 INFO  manager.HelperBase - Total CV to be deleted = 39
20:16:40 INFO  manager.HelperBase - Total CV to be deleted = 40
20:16:41 INFO  manager.HelperBase - Total CV to be deleted = 41
20:16:41 INFO  manager.HelperBase - Total CV to be deleted = 42
20:16:41 INFO  manager.HelperBase - Total CV to be deleted = 43
20:16:42 INFO  manager.HelperBase - Total CV to be deleted = 44
20:16:42 INFO  manager.HelperBase - Total CV to be deleted = 45
20:16:43 INFO  manager.HelperBase - Total CV to be deleted = 46
20:16:43 INFO  manager.HelperBase - Total CV to be deleted = 47
20:16:44 INFO  manager.HelperBase - Total CV to be deleted = 48
20:16:44 INFO  manager.HelperBase - Total CV to be deleted = 49
20:16:44 INFO  manager.HelperBase - Total CV to be deleted = 50
20:16:45 INFO  manager.HelperBase - Total CV to be deleted = 51
20:16:45 INFO  manager.HelperBase - Total CV to be deleted = 52
20:16:46 INFO  manager.HelperBase - Total CV to be deleted = 53
20:16:46 INFO  manager.HelperBase - Total CV to be deleted = 54
20:16:46 INFO  manager.HelperBase - Total CV to be deleted = 55
20:16:47 INFO  manager.HelperBase - Total CV to be deleted = 56
20:16:47 INFO  manager.HelperBase - Total CV to be deleted = 57
20:16:48 INFO  manager.HelperBase - Total CV to be deleted = 58
20:16:48 INFO  manager.HelperBase - Total CV to be deleted = 59
20:16:49 INFO  manager.HelperBase - Total CV to be deleted = 60
20:16:49 INFO  manager.HelperBase - Total CV to be deleted = 61
20:16:49 INFO  manager.HelperBase - Total CV to be deleted = 62
20:16:49 INFO  manager.MyListener - start search for element with locator->>By.xpath: //button[. = 'delete']
20:16:49 INFO  manager.MyListener - element with locator->> By.xpath: //button[. = 'delete'] was found
20:16:49 INFO  manager.MyListener - start search for element with locator->>By.xpath: //button[. = 'Delete ']
20:16:59 INFO  manager.MyListener - Something went wrong->>https://cv-bank-new.web.app/seeker/dashboard/cv/62f11a081b9c7572021ad7b1/edit
20:16:59 INFO  manager.MyListener - no such element: Unable to locate element: {"method":"xpath","selector":"//button[. = 'Delete ']"}
  (Session info: chrome=104.0.5112.81)
For documentation on this error, please visit: https://www.seleniumhq.org/exceptions/no_such_element.html
Build info: version: '3.141.59', revision: 'e82be7d358', time: '2018-11-14T08:17:03'
System info: host: 'ARTEMKA', ip: '192.168.0.103', os.name: 'Windows 10', os.arch: 'amd64', os.version: '10.0', java.version: '1.8.0_333'
Driver info: org.openqa.selenium.chrome.ChromeDriver
Capabilities {acceptInsecureCerts: false, browserName: chrome, browserVersion: 104.0.5112.81, chrome: {chromedriverVersion: 104.0.5112.79 (3cf3e8c8a07d..., userDataDir: C:\Users\ompre\AppData\Loca...}, goog:chromeOptions: {debuggerAddress: localhost:59200}, javascriptEnabled: true, networkConnectionEnabled: false, pageLoadStrategy: normal, platform: WINDOWS, platformName: WINDOWS, proxy: Proxy(), setWindowRect: true, strictFileInteractability: false, timeouts: {implicit: 0, pageLoad: 300000, script: 30000}, unhandledPromptBehavior: dismiss and notify, webauthn:extension:credBlob: true, webauthn:extension:largeBlob: true, webauthn:virtualAuthenticators: true}
Session ID: 6fa3fd2daf8f9943dc25cbda3b9c8ad1
*** Element info: {Using=xpath, value=//button[. = 'Delete ']}
20:16:59 INFO  manager.MyListener - org.openqa.selenium.NoSuchElementException: no such element: Unable to locate element: {"method":"xpath","selector":"//button[. = 'Delete ']"}
  (Session info: chrome=104.0.5112.81)
For documentation on this error, please visit: https://www.seleniumhq.org/exceptions/no_such_element.html
Build info: version: '3.141.59', revision: 'e82be7d358', time: '2018-11-14T08:17:03'
System info: host: 'ARTEMKA', ip: '192.168.0.103', os.name: 'Windows 10', os.arch: 'amd64', os.version: '10.0', java.version: '1.8.0_333'
Driver info: org.openqa.selenium.chrome.ChromeDriver
Capabilities {acceptInsecureCerts: false, browserName: chrome, browserVersion: 104.0.5112.81, chrome: {chromedriverVersion: 104.0.5112.79 (3cf3e8c8a07d..., userDataDir: C:\Users\ompre\AppData\Loca...}, goog:chromeOptions: {debuggerAddress: localhost:59200}, javascriptEnabled: true, networkConnectionEnabled: false, pageLoadStrategy: normal, platform: WINDOWS, platformName: WINDOWS, proxy: Proxy(), setWindowRect: true, strictFileInteractability: false, timeouts: {implicit: 0, pageLoad: 300000, script: 30000}, unhandledPromptBehavior: dismiss and notify, webauthn:extension:credBlob: true, webauthn:extension:largeBlob: true, webauthn:virtualAuthenticators: true}
Session ID: 6fa3fd2daf8f9943dc25cbda3b9c8ad1
*** Element info: {Using=xpath, value=//button[. = 'Delete ']}
20:17:00 INFO  tests.TestBase - end to test method ->>deleteByName
