19:53:34 INFO  manager.ApplicationManager - All tests start in Chrome
19:53:38 INFO  manager.MyListener - start search for element with locator->>By.xpath: //*[text()=' logout ']
19:53:48 INFO  manager.MyListener - element with locator->> By.xpath: //*[text()=' logout '] was found
19:53:48 INFO  manager.MyListener - start search for element with locator->>By.xpath: //*[.='sign in']
19:53:48 INFO  manager.MyListener - element with locator->> By.xpath: //*[.='sign in'] was found
19:53:48 INFO  manager.MyListener - start search for element with locator->>By.cssSelector: input#email
19:53:56 INFO  manager.MyListener - element with locator->> By.cssSelector: input#email was found
19:53:56 INFO  manager.MyListener - start search for element with locator->>By.cssSelector: input#password
19:53:56 INFO  manager.MyListener - element with locator->> By.cssSelector: input#password was found
19:53:56 INFO  manager.MyListener - start search for element with locator->>By.cssSelector:  button[type='submit']
19:53:56 INFO  manager.MyListener - element with locator->> By.cssSelector:  button[type='submit'] was found
19:53:56 INFO  tests.TestBase - start to test method ->>deleteAllByName
19:53:56 INFO  manager.MyListener - start search for element with locator->>By.cssSelector: ul[class='ng-star-inserted'] li cv-seeker-cv-row
19:53:58 INFO  manager.MyListener - element with locator->> By.cssSelector: ul[class='ng-star-inserted'] li cv-seeker-cv-row was found
19:53:58 INFO  manager.HelperBase - Total amount of already created CV = ->>8
19:53:58 INFO  manager.HelperBase - Cv with name ->>Haim to be deleted
19:53:58 INFO  manager.MyListener - start search for element with locator->>By.xpath: //button[. = 'delete']
19:53:58 INFO  manager.MyListener - element with locator->> By.xpath: //button[. = 'delete'] was found
19:53:58 INFO  manager.MyListener - start search for element with locator->>By.xpath: //button[. = 'Delete ']
19:54:09 INFO  manager.MyListener - Something went wrong->>https://cv-bank-new.web.app/seeker/dashboard
19:54:09 INFO  manager.MyListener - no such element: Unable to locate element: {"method":"xpath","selector":"//button[. = 'Delete ']"}
  (Session info: chrome=104.0.5112.81)
For documentation on this error, please visit: https://www.seleniumhq.org/exceptions/no_such_element.html
Build info: version: '3.141.59', revision: 'e82be7d358', time: '2018-11-14T08:17:03'
System info: host: 'ARTEMKA', ip: '192.168.0.103', os.name: 'Windows 10', os.arch: 'amd64', os.version: '10.0', java.version: '1.8.0_333'
Driver info: org.openqa.selenium.chrome.ChromeDriver
Capabilities {acceptInsecureCerts: false, browserName: chrome, browserVersion: 104.0.5112.81, chrome: {chromedriverVersion: 104.0.5112.79 (3cf3e8c8a07d..., userDataDir: C:\Users\ompre\AppData\Loca...}, goog:chromeOptions: {debuggerAddress: localhost:54520}, javascriptEnabled: true, networkConnectionEnabled: false, pageLoadStrategy: normal, platform: WINDOWS, platformName: WINDOWS, proxy: Proxy(), setWindowRect: true, strictFileInteractability: false, timeouts: {implicit: 0, pageLoad: 300000, script: 30000}, unhandledPromptBehavior: dismiss and notify, webauthn:extension:credBlob: true, webauthn:extension:largeBlob: true, webauthn:virtualAuthenticators: true}
Session ID: ee92c4ad71fd436775add92df8bfd5bc
*** Element info: {Using=xpath, value=//button[. = 'Delete ']}
19:54:09 INFO  manager.MyListener - org.openqa.selenium.NoSuchElementException: no such element: Unable to locate element: {"method":"xpath","selector":"//button[. = 'Delete ']"}
  (Session info: chrome=104.0.5112.81)
For documentation on this error, please visit: https://www.seleniumhq.org/exceptions/no_such_element.html
Build info: version: '3.141.59', revision: 'e82be7d358', time: '2018-11-14T08:17:03'
System info: host: 'ARTEMKA', ip: '192.168.0.103', os.name: 'Windows 10', os.arch: 'amd64', os.version: '10.0', java.version: '1.8.0_333'
Driver info: org.openqa.selenium.chrome.ChromeDriver
Capabilities {acceptInsecureCerts: false, browserName: chrome, browserVersion: 104.0.5112.81, chrome: {chromedriverVersion: 104.0.5112.79 (3cf3e8c8a07d..., userDataDir: C:\Users\ompre\AppData\Loca...}, goog:chromeOptions: {debuggerAddress: localhost:54520}, javascriptEnabled: true, networkConnectionEnabled: false, pageLoadStrategy: normal, platform: WINDOWS, platformName: WINDOWS, proxy: Proxy(), setWindowRect: true, strictFileInteractability: false, timeouts: {implicit: 0, pageLoad: 300000, script: 30000}, unhandledPromptBehavior: dismiss and notify, webauthn:extension:credBlob: true, webauthn:extension:largeBlob: true, webauthn:virtualAuthenticators: true}
Session ID: ee92c4ad71fd436775add92df8bfd5bc
*** Element info: {Using=xpath, value=//button[. = 'Delete ']}
19:54:09 INFO  tests.TestBase - end to test method ->>deleteAllByName
19:54:09 INFO  tests.TestBase - start to test method ->>deleteByName
19:54:09 INFO  manager.MyListener - start search for element with locator->>By.xpath: //h2[.='John']
19:54:09 INFO  manager.MyListener - element with locator->> By.xpath: //h2[.='John'] was found
19:54:09 INFO  manager.HelperBase - Total amount CVs with name: John = ->>2
19:54:09 INFO  manager.MyListener - start search for element with locator->>By.xpath: //button[. = 'delete']
19:54:09 INFO  manager.MyListener - element with locator->> By.xpath: //button[. = 'delete'] was found
19:54:09 INFO  manager.MyListener - start search for element with locator->>By.xpath: //button[. = 'Delete ']
19:54:09 INFO  manager.MyListener - element with locator->> By.xpath: //button[. = 'Delete '] was found
19:54:09 INFO  manager.MyListener - start search for element with locator->>By.xpath: //cv-toast-message[@class='ng-star-inserted']
19:54:09 INFO  manager.MyListener - element with locator->> By.xpath: //cv-toast-message[@class='ng-star-inserted'] was found
19:54:09 INFO  manager.HelperBase - After delete action Message received:->>Success
CV was deleted
19:54:14 INFO  manager.MyListener - Something went wrong->>https://cv-bank-new.web.app/seeker/dashboard
19:54:14 INFO  manager.MyListener - stale element reference: element is not attached to the page document
  (Session info: chrome=104.0.5112.81)
For documentation on this error, please visit: https://www.seleniumhq.org/exceptions/stale_element_reference.html
Build info: version: '3.141.59', revision: 'e82be7d358', time: '2018-11-14T08:17:03'
System info: host: 'ARTEMKA', ip: '192.168.0.103', os.name: 'Windows 10', os.arch: 'amd64', os.version: '10.0', java.version: '1.8.0_333'
Driver info: org.openqa.selenium.chrome.ChromeDriver
Capabilities {acceptInsecureCerts: false, browserName: chrome, browserVersion: 104.0.5112.81, chrome: {chromedriverVersion: 104.0.5112.79 (3cf3e8c8a07d..., userDataDir: C:\Users\ompre\AppData\Loca...}, goog:chromeOptions: {debuggerAddress: localhost:54520}, javascriptEnabled: true, networkConnectionEnabled: false, pageLoadStrategy: normal, platform: WINDOWS, platformName: WINDOWS, proxy: Proxy(), setWindowRect: true, strictFileInteractability: false, timeouts: {implicit: 0, pageLoad: 300000, script: 30000}, unhandledPromptBehavior: dismiss and notify, webauthn:extension:credBlob: true, webauthn:extension:largeBlob: true, webauthn:virtualAuthenticators: true}
Session ID: ee92c4ad71fd436775add92df8bfd5bc
19:54:14 INFO  manager.MyListener - org.openqa.selenium.StaleElementReferenceException: stale element reference: element is not attached to the page document
  (Session info: chrome=104.0.5112.81)
For documentation on this error, please visit: https://www.seleniumhq.org/exceptions/stale_element_reference.html
Build info: version: '3.141.59', revision: 'e82be7d358', time: '2018-11-14T08:17:03'
System info: host: 'ARTEMKA', ip: '192.168.0.103', os.name: 'Windows 10', os.arch: 'amd64', os.version: '10.0', java.version: '1.8.0_333'
Driver info: org.openqa.selenium.chrome.ChromeDriver
Capabilities {acceptInsecureCerts: false, browserName: chrome, browserVersion: 104.0.5112.81, chrome: {chromedriverVersion: 104.0.5112.79 (3cf3e8c8a07d..., userDataDir: C:\Users\ompre\AppData\Loca...}, goog:chromeOptions: {debuggerAddress: localhost:54520}, javascriptEnabled: true, networkConnectionEnabled: false, pageLoadStrategy: normal, platform: WINDOWS, platformName: WINDOWS, proxy: Proxy(), setWindowRect: true, strictFileInteractability: false, timeouts: {implicit: 0, pageLoad: 300000, script: 30000}, unhandledPromptBehavior: dismiss and notify, webauthn:extension:credBlob: true, webauthn:extension:largeBlob: true, webauthn:virtualAuthenticators: true}
Session ID: ee92c4ad71fd436775add92df8bfd5bc
19:54:14 INFO  manager.MyListener - start search for element with locator->>By.xpath: //h2[.='John']
19:54:14 INFO  manager.MyListener - element with locator->> By.xpath: //h2[.='John'] was found
19:54:14 INFO  manager.HelperBase - Total amount left of CVs with name: John = ->>1
19:54:14 INFO  tests.TestBase - end to test method ->>deleteByName
19:54:14 INFO  manager.MyListener - start search for element with locator->>By.xpath: //*[text()=' logout ']
19:54:14 INFO  manager.MyListener - element with locator->> By.xpath: //*[text()=' logout '] was found
