10:11:03 INFO  manager.ApplicationManager - All tests start in Chrome
10:11:12 INFO  manager.MyListener - start search for element with locator->>By.xpath: //*[text()=' logout ']
10:11:22 INFO  manager.MyListener - element with locator->> By.xpath: //*[text()=' logout '] was found
10:11:22 INFO  manager.MyListener - start search for element with locator->>By.xpath: //*[.='sign in']
10:11:22 INFO  manager.MyListener - element with locator->> By.xpath: //*[.='sign in'] was found
10:11:22 INFO  manager.MyListener - start search for element with locator->>By.cssSelector: input#email
10:11:25 INFO  manager.MyListener - element with locator->> By.cssSelector: input#email was found
10:11:26 INFO  manager.MyListener - start search for element with locator->>By.cssSelector: input#password
10:11:26 INFO  manager.MyListener - element with locator->> By.cssSelector: input#password was found
10:11:26 INFO  manager.MyListener - start search for element with locator->>By.cssSelector:  button[type='submit']
10:11:27 INFO  manager.MyListener - element with locator->> By.cssSelector:  button[type='submit'] was found
10:11:27 INFO  tests.TestBase - start to test method ->>deleteByName
10:11:27 INFO  manager.MyListener - start search for element with locator->>By.cssSelector: ul[class='ng-star-inserted'] li cv-seeker-cv-row
10:11:30 INFO  manager.MyListener - element with locator->> By.cssSelector: ul[class='ng-star-inserted'] li cv-seeker-cv-row was found
10:11:30 INFO  manager.HelperBase - Total amount of already created CV = ->>66
10:11:31 INFO  manager.MyListener - start search for element with locator->>By.xpath: //button[. = 'delete']
10:11:31 INFO  manager.MyListener - element with locator->> By.xpath: //button[. = 'delete'] was found
10:11:31 INFO  manager.MyListener - start search for element with locator->>By.xpath: //button[. = 'Delete ']
10:11:41 INFO  manager.MyListener - Something went wrong->>https://cv-bank-new.web.app/seeker/dashboard
10:11:41 INFO  manager.MyListener - no such element: Unable to locate element: {"method":"xpath","selector":"//button[. = 'Delete ']"}
  (Session info: chrome=104.0.5112.81)
For documentation on this error, please visit: https://www.seleniumhq.org/exceptions/no_such_element.html
Build info: version: '3.141.59', revision: 'e82be7d358', time: '2018-11-14T08:17:03'
System info: host: 'DESKTOP-KF54E9L', ip: '192.168.42.118', os.name: 'Windows 10', os.arch: 'amd64', os.version: '10.0', java.version: '1.8.0_321'
Driver info: org.openqa.selenium.chrome.ChromeDriver
Capabilities {acceptInsecureCerts: false, browserName: chrome, browserVersion: 104.0.5112.81, chrome: {chromedriverVersion: 103.0.5060.134 (8ec6fce403b..., userDataDir: C:\Users\Olga\AppData\Local...}, goog:chromeOptions: {debuggerAddress: localhost:58465}, javascriptEnabled: true, networkConnectionEnabled: false, pageLoadStrategy: normal, platform: WINDOWS, platformName: WINDOWS, proxy: Proxy(), setWindowRect: true, strictFileInteractability: false, timeouts: {implicit: 0, pageLoad: 300000, script: 30000}, unhandledPromptBehavior: dismiss and notify, webauthn:extension:credBlob: true, webauthn:extension:largeBlob: true, webauthn:virtualAuthenticators: true}
Session ID: 8b770dbb1268657ca9565d5431cf19f5
*** Element info: {Using=xpath, value=//button[. = 'Delete ']}
10:11:41 INFO  manager.MyListener - org.openqa.selenium.NoSuchElementException: no such element: Unable to locate element: {"method":"xpath","selector":"//button[. = 'Delete ']"}
  (Session info: chrome=104.0.5112.81)
For documentation on this error, please visit: https://www.seleniumhq.org/exceptions/no_such_element.html
Build info: version: '3.141.59', revision: 'e82be7d358', time: '2018-11-14T08:17:03'
System info: host: 'DESKTOP-KF54E9L', ip: '192.168.42.118', os.name: 'Windows 10', os.arch: 'amd64', os.version: '10.0', java.version: '1.8.0_321'
Driver info: org.openqa.selenium.chrome.ChromeDriver
Capabilities {acceptInsecureCerts: false, browserName: chrome, browserVersion: 104.0.5112.81, chrome: {chromedriverVersion: 103.0.5060.134 (8ec6fce403b..., userDataDir: C:\Users\Olga\AppData\Local...}, goog:chromeOptions: {debuggerAddress: localhost:58465}, javascriptEnabled: true, networkConnectionEnabled: false, pageLoadStrategy: normal, platform: WINDOWS, platformName: WINDOWS, proxy: Proxy(), setWindowRect: true, strictFileInteractability: false, timeouts: {implicit: 0, pageLoad: 300000, script: 30000}, unhandledPromptBehavior: dismiss and notify, webauthn:extension:credBlob: true, webauthn:extension:largeBlob: true, webauthn:virtualAuthenticators: true}
Session ID: 8b770dbb1268657ca9565d5431cf19f5
*** Element info: {Using=xpath, value=//button[. = 'Delete ']}
10:11:42 INFO  tests.TestBase - end to test method ->>deleteByName
