10:03:47 INFO  manager.ApplicationManager - All tests start in Chrome
10:04:00 INFO  manager.MyListener - start search for element with locator->>By.xpath: //*[text()=' logout ']
10:04:10 INFO  manager.MyListener - element with locator->> By.xpath: //*[text()=' logout '] was found
10:04:10 INFO  manager.MyListener - start search for element with locator->>By.xpath: //*[.='sign in']
10:04:10 INFO  manager.MyListener - element with locator->> By.xpath: //*[.='sign in'] was found
10:04:11 INFO  manager.MyListener - start search for element with locator->>By.cssSelector: input#email
10:04:14 INFO  manager.MyListener - element with locator->> By.cssSelector: input#email was found
10:04:15 INFO  manager.MyListener - start search for element with locator->>By.cssSelector: input#password
10:04:15 INFO  manager.MyListener - element with locator->> By.cssSelector: input#password was found
10:04:15 INFO  manager.MyListener - start search for element with locator->>By.cssSelector:  button[type='submit']
10:04:15 INFO  manager.MyListener - element with locator->> By.cssSelector:  button[type='submit'] was found
10:04:16 INFO  tests.TestBase - start to test method ->>deleteByName
10:04:16 INFO  manager.MyListener - start search for element with locator->>By.cssSelector: ul[class='ng-star-inserted'] li cv-seeker-cv-row
10:04:19 INFO  manager.MyListener - element with locator->> By.cssSelector: ul[class='ng-star-inserted'] li cv-seeker-cv-row was found
10:04:19 INFO  manager.HelperBase - Total amount of already created CV = ->>68
10:04:20 INFO  manager.MyListener - start search for element with locator->>By.xpath: //button[. = 'delete']
10:04:20 INFO  manager.MyListener - element with locator->> By.xpath: //button[. = 'delete'] was found
10:04:20 INFO  manager.MyListener - start search for element with locator->>By.xpath: //button[. = 'Delete ']
10:04:20 INFO  manager.MyListener - element with locator->> By.xpath: //button[. = 'Delete '] was found
10:04:21 INFO  manager.MyListener - start search for element with locator->>By.xpath: //cv-toast-message[@class='ng-star-inserted']
10:04:21 INFO  manager.MyListener - element with locator->> By.xpath: //cv-toast-message[@class='ng-star-inserted'] was found
10:04:22 INFO  manager.MyListener - Something went wrong->>https://cv-bank-new.web.app/seeker/dashboard
10:04:22 INFO  manager.MyListener - stale element reference: element is not attached to the page document
  (Session info: chrome=104.0.5112.81)
For documentation on this error, please visit: https://www.seleniumhq.org/exceptions/stale_element_reference.html
Build info: version: '3.141.59', revision: 'e82be7d358', time: '2018-11-14T08:17:03'
System info: host: 'DESKTOP-KF54E9L', ip: '192.168.42.118', os.name: 'Windows 10', os.arch: 'amd64', os.version: '10.0', java.version: '1.8.0_321'
Driver info: org.openqa.selenium.chrome.ChromeDriver
Capabilities {acceptInsecureCerts: false, browserName: chrome, browserVersion: 104.0.5112.81, chrome: {chromedriverVersion: 103.0.5060.134 (8ec6fce403b..., userDataDir: C:\Users\Olga\AppData\Local...}, goog:chromeOptions: {debuggerAddress: localhost:58104}, javascriptEnabled: true, networkConnectionEnabled: false, pageLoadStrategy: normal, platform: WINDOWS, platformName: WINDOWS, proxy: Proxy(), setWindowRect: true, strictFileInteractability: false, timeouts: {implicit: 0, pageLoad: 300000, script: 30000}, unhandledPromptBehavior: dismiss and notify, webauthn:extension:credBlob: true, webauthn:extension:largeBlob: true, webauthn:virtualAuthenticators: true}
Session ID: d5418431c1ac33ad9e1123878a4630a2
10:04:22 INFO  manager.MyListener - org.openqa.selenium.StaleElementReferenceException: stale element reference: element is not attached to the page document
  (Session info: chrome=104.0.5112.81)
For documentation on this error, please visit: https://www.seleniumhq.org/exceptions/stale_element_reference.html
Build info: version: '3.141.59', revision: 'e82be7d358', time: '2018-11-14T08:17:03'
System info: host: 'DESKTOP-KF54E9L', ip: '192.168.42.118', os.name: 'Windows 10', os.arch: 'amd64', os.version: '10.0', java.version: '1.8.0_321'
Driver info: org.openqa.selenium.chrome.ChromeDriver
Capabilities {acceptInsecureCerts: false, browserName: chrome, browserVersion: 104.0.5112.81, chrome: {chromedriverVersion: 103.0.5060.134 (8ec6fce403b..., userDataDir: C:\Users\Olga\AppData\Local...}, goog:chromeOptions: {debuggerAddress: localhost:58104}, javascriptEnabled: true, networkConnectionEnabled: false, pageLoadStrategy: normal, platform: WINDOWS, platformName: WINDOWS, proxy: Proxy(), setWindowRect: true, strictFileInteractability: false, timeouts: {implicit: 0, pageLoad: 300000, script: 30000}, unhandledPromptBehavior: dismiss and notify, webauthn:extension:credBlob: true, webauthn:extension:largeBlob: true, webauthn:virtualAuthenticators: true}
Session ID: d5418431c1ac33ad9e1123878a4630a2
10:04:22 INFO  tests.TestBase - end to test method ->>deleteByName
