18:17:06 INFO  manager.ApplicationManager - All tests start in Chrome
18:17:19 INFO  tests.TestBase - start to test method ->>createResume
18:17:19 INFO  manager.MyListener - start search for element with locator->>By.xpath: //span[.='create CV']
18:17:19 INFO  manager.MyListener - element with locator->> By.xpath: //span[.='create CV'] was found
18:17:20 INFO  manager.MyListener - start search for element with locator->>By.xpath: (//div[@class='cover'])[1]
18:17:23 INFO  manager.MyListener - element with locator->> By.xpath: (//div[@class='cover'])[1] was found
18:17:23 INFO  manager.MyListener - start search for element with locator->>By.id: name
18:17:23 INFO  manager.MyListener - element with locator->> By.id: name was found
18:17:24 INFO  manager.MyListener - start search for element with locator->>By.id: position
18:17:24 INFO  manager.MyListener - element with locator->> By.id: position was found
18:17:25 INFO  manager.MyListener - start search for element with locator->>By.xpath: //*[@aria-label='Open calendar']
18:17:25 INFO  manager.MyListener - element with locator->> By.xpath: //*[@aria-label='Open calendar'] was found
18:17:25 INFO  manager.MyListener - start search for element with locator->>By.cssSelector: button[aria-label='Choose month and year']
18:17:25 INFO  manager.MyListener - element with locator->> By.cssSelector: button[aria-label='Choose month and year'] was found
18:17:25 INFO  manager.MyListener - start search for element with locator->>By.cssSelector: tbody[role='grid'] tr:first-child td:first-child div
18:17:25 INFO  manager.MyListener - element with locator->> By.cssSelector: tbody[role='grid'] tr:first-child td:first-child div was found
18:17:25 INFO  manager.MyListener - start search for element with locator->>By.xpath: //*[@aria-label='Previous 20 years']
18:17:25 INFO  manager.MyListener - element with locator->> By.xpath: //*[@aria-label='Previous 20 years'] was found
18:17:25 INFO  manager.MyListener - start search for element with locator->>By.cssSelector: tbody[role='grid'] tr:first-child td:first-child
18:17:25 INFO  manager.MyListener - element with locator->> By.cssSelector: tbody[role='grid'] tr:first-child td:first-child was found
18:17:25 INFO  manager.MyListener - start search for element with locator->>By.xpath: //*[.=' 1973 ']
18:17:26 INFO  manager.MyListener - element with locator->> By.xpath: //*[.=' 1973 '] was found
18:17:26 INFO  manager.MyListener - start search for element with locator->>By.xpath: //td[.=' AUG ']
18:17:26 INFO  manager.MyListener - element with locator->> By.xpath: //td[.=' AUG '] was found
18:17:26 INFO  manager.MyListener - start search for element with locator->>By.xpath: //div[.=' 12 ']
18:17:26 INFO  manager.MyListener - element with locator->> By.xpath: //div[.=' 12 '] was found
18:17:26 INFO  manager.MyListener - start search for element with locator->>By.id: country
18:17:26 INFO  manager.MyListener - element with locator->> By.id: country was found
18:17:26 INFO  manager.MyListener - start search for element with locator->>By.id: city
18:17:27 INFO  manager.MyListener - element with locator->> By.id: city was found
18:17:27 INFO  manager.MyListener - start search for element with locator->>By.id: phone
18:17:27 INFO  manager.MyListener - element with locator->> By.id: phone was found
18:17:27 INFO  manager.MyListener - start search for element with locator->>By.id: email
18:17:27 INFO  manager.MyListener - element with locator->> By.id: email was found
18:17:28 INFO  manager.MyListener - start search for element with locator->>By.xpath: //span[.='Save']
18:17:28 INFO  manager.MyListener - element with locator->> By.xpath: //span[.='Save'] was found
18:17:28 INFO  manager.MyListener - start search for element with locator->>By.cssSelector: section#header div[class=title] h2
18:17:28 INFO  manager.MyListener - element with locator->> By.cssSelector: section#header div[class=title] h2 was found
18:17:28 INFO  manager.MyListener - start search for element with locator->>By.id: experience
18:17:28 INFO  manager.MyListener - element with locator->> By.id: experience was found
18:17:28 INFO  manager.MyListener - start search for element with locator->>By.id: startDate
18:17:29 INFO  manager.MyListener - element with locator->> By.id: startDate was found
18:17:31 INFO  manager.MyListener - start search for element with locator->>By.id: endDate
18:17:31 INFO  manager.MyListener - element with locator->> By.id: endDate was found
18:17:31 INFO  manager.MyListener - start search for element with locator->>By.id: companyName
18:17:31 INFO  manager.MyListener - element with locator->> By.id: companyName was found
18:17:32 INFO  manager.MyListener - start search for element with locator->>By.id: companyLocation
18:17:32 INFO  manager.MyListener - element with locator->> By.id: companyLocation was found
18:17:32 INFO  manager.MyListener - start search for element with locator->>By.id: url
18:17:32 INFO  manager.MyListener - element with locator->> By.id: url was found
18:17:33 INFO  manager.MyListener - start search for element with locator->>By.id: position
18:17:33 INFO  manager.MyListener - element with locator->> By.id: position was found
18:17:33 INFO  manager.MyListener - start search for element with locator->>By.cssSelector: button[type='submit']
18:17:33 INFO  manager.MyListener - element with locator->> By.cssSelector: button[type='submit'] was found
18:17:33 INFO  manager.MyListener - start search for element with locator->>By.cssSelector: section#experience ul
18:17:33 INFO  manager.MyListener - element with locator->> By.cssSelector: section#experience ul was found
18:17:33 INFO  manager.MyListener - start search for element with locator->>By.xpath: //*[.=' Preview ']
18:17:33 INFO  manager.MyListener - element with locator->> By.xpath: //*[.=' Preview '] was found
18:17:34 INFO  manager.MyListener - start search for element with locator->>By.cssSelector: div[class=slider] div:nth-child(4)
18:17:34 INFO  manager.MyListener - element with locator->> By.cssSelector: div[class=slider] div:nth-child(4) was found
18:17:34 INFO  manager.MyListener - start search for element with locator->>By.cssSelector: div[class=header] button:first-of-type
18:17:34 INFO  manager.MyListener - element with locator->> By.cssSelector: div[class=header] button:first-of-type was found
18:17:39 INFO  manager.MyListener - start search for element with locator->>By.cssSelector: div[class=header] button:last-of-type
18:17:39 INFO  manager.MyListener - element with locator->> By.cssSelector: div[class=header] button:last-of-type was found
18:17:40 INFO  manager.MyListener - start search for element with locator->>By.xpath: //*[.='Publish ']
18:17:40 INFO  manager.MyListener - element with locator->> By.xpath: //*[.='Publish '] was found
18:17:40 INFO  manager.MyListener - start search for element with locator->>By.xpath: //a[.='Sign In']
18:17:40 INFO  manager.MyListener - element with locator->> By.xpath: //a[.='Sign In'] was found
18:17:40 INFO  manager.MyListener - start search for element with locator->>By.cssSelector: input#email
18:17:40 INFO  manager.MyListener - element with locator->> By.cssSelector: input#email was found
18:17:41 INFO  manager.MyListener - start search for element with locator->>By.cssSelector: input#email
18:17:41 INFO  manager.MyListener - element with locator->> By.cssSelector: input#email was found
18:17:41 INFO  manager.MyListener - start search for element with locator->>By.cssSelector: input#password
18:17:41 INFO  manager.MyListener - element with locator->> By.cssSelector: input#password was found
18:17:42 INFO  manager.MyListener - start search for element with locator->>By.cssSelector:  button[type='submit']
18:17:42 INFO  manager.MyListener - element with locator->> By.cssSelector:  button[type='submit'] was found
18:17:42 INFO  manager.MyListener - start search for element with locator->>By.xpath: //*[@class='cdk-overlay-container']
18:17:42 INFO  manager.MyListener - element with locator->> By.xpath: //*[@class='cdk-overlay-container'] was found
18:17:42 INFO  tests.TestBase - end to test method ->>createResume
