11:46:35 INFO  tests.TestBase - start to test method ->>createResume
11:46:35 INFO  manager.MyListener - start search for element with locator->>By.xpath: //span[.='create CV']
11:46:35 INFO  manager.MyListener - element with locator->>By.xpath: //span[.='create CV']was found
11:46:35 INFO  manager.MyListener - start search for element with locator->>By.xpath: (//div[@class='cover'])[1]
11:46:38 INFO  manager.MyListener - element with locator->>By.xpath: (//div[@class='cover'])[1]was found
11:46:39 INFO  manager.MyListener - start search for element with locator->>By.id: name
11:46:39 INFO  manager.MyListener - element with locator->>By.id: namewas found
11:46:39 INFO  manager.MyListener - start search for element with locator->>By.id: position
11:46:39 INFO  manager.MyListener - element with locator->>By.id: positionwas found
11:46:40 INFO  manager.MyListener - start search for element with locator->>By.xpath: //*[@aria-label='Open calendar']
11:46:40 INFO  manager.MyListener - element with locator->>By.xpath: //*[@aria-label='Open calendar']was found
11:46:40 INFO  manager.MyListener - start search for element with locator->>By.cssSelector: button[aria-label='Choose month and year']
11:46:40 INFO  manager.MyListener - element with locator->>By.cssSelector: button[aria-label='Choose month and year']was found
11:46:40 INFO  manager.MyListener - start search for element with locator->>By.cssSelector: tbody[role='grid'] tr:first-child td:first-child
11:46:40 INFO  manager.MyListener - element with locator->>By.cssSelector: tbody[role='grid'] tr:first-child td:first-childwas found
11:46:40 INFO  manager.MyListener - start search for element with locator->>By.xpath: //*[@aria-label='Previous 20 years']
11:46:40 INFO  manager.MyListener - element with locator->>By.xpath: //*[@aria-label='Previous 20 years']was found
11:46:41 INFO  manager.MyListener - start search for element with locator->>By.cssSelector: tbody[role='grid'] tr:first-child td:first-child
11:46:41 INFO  manager.MyListener - element with locator->>By.cssSelector: tbody[role='grid'] tr:first-child td:first-childwas found
11:46:41 INFO  manager.MyListener - start search for element with locator->>By.xpath: //*[.=' 1973 ']
11:46:41 INFO  manager.MyListener - element with locator->>By.xpath: //*[.=' 1973 ']was found
11:46:41 INFO  manager.MyListener - start search for element with locator->>By.xpath: //td[.=' AUG ']
11:46:41 INFO  manager.MyListener - element with locator->>By.xpath: //td[.=' AUG ']was found
11:46:41 INFO  manager.MyListener - start search for element with locator->>By.xpath: //div[.=' 12 ']
11:46:41 INFO  manager.MyListener - element with locator->>By.xpath: //div[.=' 12 ']was found
11:46:41 INFO  manager.MyListener - start search for element with locator->>By.xpath: //span[.='Save']
11:46:41 INFO  manager.MyListener - element with locator->>By.xpath: //span[.='Save']was found
11:46:41 INFO  manager.MyListener - start search for element with locator->>By.id: country
11:46:42 INFO  manager.MyListener - element with locator->>By.id: countrywas found
11:46:42 INFO  manager.MyListener - Something went wrong->>https://cv-bank-new.web.app/create
11:46:42 INFO  manager.MyListener - stale element reference: element is not attached to the page document
  (Session info: chrome=103.0.5060.134)
For documentation on this error, please visit: https://www.seleniumhq.org/exceptions/stale_element_reference.html
Build info: version: '3.141.59', revision: 'e82be7d358', time: '2018-11-14T08:17:03'
System info: host: 'DESKTOP-KF54E9L', ip: '192.168.42.118', os.name: 'Windows 10', os.arch: 'amd64', os.version: '10.0', java.version: '1.8.0_321'
Driver info: org.openqa.selenium.chrome.ChromeDriver
Capabilities {acceptInsecureCerts: false, browserName: chrome, browserVersion: 103.0.5060.134, chrome: {chromedriverVersion: 103.0.5060.134 (8ec6fce403b..., userDataDir: C:\Users\Olga\AppData\Local...}, goog:chromeOptions: {debuggerAddress: localhost:52480}, javascriptEnabled: true, networkConnectionEnabled: false, pageLoadStrategy: normal, platform: WINDOWS, platformName: WINDOWS, proxy: Proxy(), setWindowRect: true, strictFileInteractability: false, timeouts: {implicit: 0, pageLoad: 300000, script: 30000}, unhandledPromptBehavior: dismiss and notify, webauthn:extension:credBlob: true, webauthn:extension:largeBlob: true, webauthn:virtualAuthenticators: true}
Session ID: c5016399df648fe366a74f39aed13d02
11:46:42 INFO  manager.MyListener - org.openqa.selenium.StaleElementReferenceException: stale element reference: element is not attached to the page document
  (Session info: chrome=103.0.5060.134)
For documentation on this error, please visit: https://www.seleniumhq.org/exceptions/stale_element_reference.html
Build info: version: '3.141.59', revision: 'e82be7d358', time: '2018-11-14T08:17:03'
System info: host: 'DESKTOP-KF54E9L', ip: '192.168.42.118', os.name: 'Windows 10', os.arch: 'amd64', os.version: '10.0', java.version: '1.8.0_321'
Driver info: org.openqa.selenium.chrome.ChromeDriver
Capabilities {acceptInsecureCerts: false, browserName: chrome, browserVersion: 103.0.5060.134, chrome: {chromedriverVersion: 103.0.5060.134 (8ec6fce403b..., userDataDir: C:\Users\Olga\AppData\Local...}, goog:chromeOptions: {debuggerAddress: localhost:52480}, javascriptEnabled: true, networkConnectionEnabled: false, pageLoadStrategy: normal, platform: WINDOWS, platformName: WINDOWS, proxy: Proxy(), setWindowRect: true, strictFileInteractability: false, timeouts: {implicit: 0, pageLoad: 300000, script: 30000}, unhandledPromptBehavior: dismiss and notify, webauthn:extension:credBlob: true, webauthn:extension:largeBlob: true, webauthn:virtualAuthenticators: true}
Session ID: c5016399df648fe366a74f39aed13d02
11:46:42 INFO  tests.TestBase - end to test method ->>createResume
