19:45:33 INFO  manager.ApplicationManager - All tests start in Chrome
19:45:36 INFO  tests.TestBase - start to test method ->>createResume
19:45:36 INFO  manager.MyListener - start search for element with locator->>By.xpath: //span[.='create CV']
19:45:36 INFO  manager.MyListener - element with locator->> By.xpath: //span[.='create CV'] was found
19:45:37 INFO  manager.MyListener - start search for element with locator->>By.xpath: (//div[@class='cover'])[1]
19:45:47 INFO  manager.MyListener - element with locator->> By.xpath: (//div[@class='cover'])[1] was found
19:45:47 INFO  manager.MyListener - start search for element with locator->>By.id: name
19:45:47 INFO  manager.MyListener - element with locator->> By.id: name was found
19:45:47 INFO  manager.MyListener - start search for element with locator->>By.id: position
19:45:47 INFO  manager.MyListener - element with locator->> By.id: position was found
19:45:48 INFO  manager.MyListener - start search for element with locator->>By.xpath: //*[@aria-label='Open calendar']
19:45:48 INFO  manager.MyListener - element with locator->> By.xpath: //*[@aria-label='Open calendar'] was found
19:45:48 INFO  manager.MyListener - start search for element with locator->>By.cssSelector: button[aria-label='Choose month and year']
19:45:48 INFO  manager.MyListener - element with locator->> By.cssSelector: button[aria-label='Choose month and year'] was found
19:45:48 INFO  manager.MyListener - start search for element with locator->>By.cssSelector: tbody[role='grid'] tr:first-child td:first-child div
19:45:48 INFO  manager.MyListener - element with locator->> By.cssSelector: tbody[role='grid'] tr:first-child td:first-child div was found
19:45:48 INFO  manager.MyListener - start search for element with locator->>By.xpath: //*[@aria-label='Previous 20 years']
19:45:48 INFO  manager.MyListener - element with locator->> By.xpath: //*[@aria-label='Previous 20 years'] was found
19:45:48 INFO  manager.MyListener - start search for element with locator->>By.cssSelector: tbody[role='grid'] tr:first-child td:first-child
19:45:48 INFO  manager.MyListener - element with locator->> By.cssSelector: tbody[role='grid'] tr:first-child td:first-child was found
19:45:48 INFO  manager.MyListener - start search for element with locator->>By.xpath: //*[.=' 1973 ']
19:45:48 INFO  manager.MyListener - element with locator->> By.xpath: //*[.=' 1973 '] was found
19:45:48 INFO  manager.MyListener - start search for element with locator->>By.xpath: //td[.=' AUG ']
19:45:48 INFO  manager.MyListener - element with locator->> By.xpath: //td[.=' AUG '] was found
19:45:48 INFO  manager.MyListener - start search for element with locator->>By.xpath: //div[.=' 12 ']
19:45:48 INFO  manager.MyListener - element with locator->> By.xpath: //div[.=' 12 '] was found
19:45:48 INFO  manager.MyListener - start search for element with locator->>By.id: country
19:45:48 INFO  manager.MyListener - element with locator->> By.id: country was found
19:45:48 INFO  manager.MyListener - start search for element with locator->>By.id: city
19:45:48 INFO  manager.MyListener - element with locator->> By.id: city was found
19:45:49 INFO  manager.MyListener - start search for element with locator->>By.id: phone
19:45:49 INFO  manager.MyListener - element with locator->> By.id: phone was found
19:45:49 INFO  manager.MyListener - start search for element with locator->>By.id: email
19:45:49 INFO  manager.MyListener - element with locator->> By.id: email was found
19:45:49 INFO  manager.MyListener - start search for element with locator->>By.xpath: //span[.='Save']
19:45:49 INFO  manager.MyListener - element with locator->> By.xpath: //span[.='Save'] was found
19:45:49 INFO  manager.MyListener - start search for element with locator->>By.cssSelector: section#header div[class=title] h2
19:45:49 INFO  manager.MyListener - element with locator->> By.cssSelector: section#header div[class=title] h2 was found
19:45:49 INFO  manager.MyListener - start search for element with locator->>By.id: experience
19:45:49 INFO  manager.MyListener - element with locator->> By.id: experience was found
19:45:49 INFO  manager.MyListener - start search for element with locator->>By.id: startDate
19:45:49 INFO  manager.MyListener - element with locator->> By.id: startDate was found
19:45:51 INFO  manager.MyListener - start search for element with locator->>By.id: endDate
19:45:51 INFO  manager.MyListener - element with locator->> By.id: endDate was found
19:45:51 INFO  manager.MyListener - start search for element with locator->>By.id: companyName
19:45:51 INFO  manager.MyListener - element with locator->> By.id: companyName was found
19:45:51 INFO  manager.MyListener - start search for element with locator->>By.id: companyLocation
19:45:51 INFO  manager.MyListener - element with locator->> By.id: companyLocation was found
19:45:52 INFO  manager.MyListener - start search for element with locator->>By.id: url
19:45:52 INFO  manager.MyListener - element with locator->> By.id: url was found
19:45:52 INFO  manager.MyListener - start search for element with locator->>By.id: position
19:45:52 INFO  manager.MyListener - element with locator->> By.id: position was found
19:45:52 INFO  manager.MyListener - start search for element with locator->>By.cssSelector: button[type='submit']
19:45:52 INFO  manager.MyListener - element with locator->> By.cssSelector: button[type='submit'] was found
19:45:52 INFO  manager.MyListener - start search for element with locator->>By.cssSelector: section#experience ul
19:45:52 INFO  manager.MyListener - element with locator->> By.cssSelector: section#experience ul was found
19:45:52 INFO  manager.MyListener - start search for element with locator->>By.xpath: //*[.=' Preview ']
19:45:52 INFO  manager.MyListener - element with locator->> By.xpath: //*[.=' Preview '] was found
19:45:52 INFO  manager.MyListener - start search for element with locator->>By.cssSelector: div[class=slider] div:nth-child(3)
19:45:52 INFO  manager.MyListener - element with locator->> By.cssSelector: div[class=slider] div:nth-child(3) was found
19:45:52 INFO  manager.MyListener - start search for element with locator->>By.cssSelector: div[class=header] button:first-of-type
19:45:52 INFO  manager.MyListener - element with locator->> By.cssSelector: div[class=header] button:first-of-type was found
19:45:54 INFO  manager.MyListener - start search for element with locator->>By.cssSelector: div[class=header] button:last-of-type
19:45:54 INFO  manager.MyListener - element with locator->> By.cssSelector: div[class=header] button:last-of-type was found
19:45:54 INFO  manager.MyListener - start search for element with locator->>By.xpath: //*[.='Publish ']
19:45:54 INFO  manager.MyListener - element with locator->> By.xpath: //*[.='Publish '] was found
19:45:56 INFO  manager.MyListener - start search for element with locator->>By.xpath: //a[.='Sign In']
19:45:56 INFO  manager.MyListener - element with locator->> By.xpath: //a[.='Sign In'] was found
19:45:56 INFO  manager.MyListener - start search for element with locator->>By.cssSelector: input#email
19:45:56 INFO  manager.MyListener - element with locator->> By.cssSelector: input#email was found
19:45:56 INFO  manager.MyListener - start search for element with locator->>By.cssSelector: input#email
19:45:56 INFO  manager.MyListener - element with locator->> By.cssSelector: input#email was found
19:45:56 INFO  manager.MyListener - start search for element with locator->>By.cssSelector: input#password
19:45:56 INFO  manager.MyListener - element with locator->> By.cssSelector: input#password was found
19:45:56 INFO  manager.MyListener - start search for element with locator->>By.cssSelector:  button[type='submit']
19:45:56 INFO  manager.MyListener - element with locator->> By.cssSelector:  button[type='submit'] was found
19:45:56 INFO  manager.MyListener - start search for element with locator->>By.xpath: //cv-toast-message[@class='ng-star-inserted']
19:45:58 INFO  manager.MyListener - element with locator->> By.xpath: //cv-toast-message[@class='ng-star-inserted'] was found
19:46:02 INFO  manager.MyListener - Something went wrong->>https://cv-bank-new.web.app/seeker/dashboard
19:46:02 INFO  manager.MyListener - stale element reference: element is not attached to the page document
  (Session info: chrome=104.0.5112.81)
For documentation on this error, please visit: https://www.seleniumhq.org/exceptions/stale_element_reference.html
Build info: version: '3.141.59', revision: 'e82be7d358', time: '2018-11-14T08:17:03'
System info: host: 'ARTEMKA', ip: '192.168.0.103', os.name: 'Windows 10', os.arch: 'amd64', os.version: '10.0', java.version: '1.8.0_333'
Driver info: org.openqa.selenium.chrome.ChromeDriver
Capabilities {acceptInsecureCerts: false, browserName: chrome, browserVersion: 104.0.5112.81, chrome: {chromedriverVersion: 104.0.5112.79 (3cf3e8c8a07d..., userDataDir: C:\Users\ompre\AppData\Loca...}, goog:chromeOptions: {debuggerAddress: localhost:52071}, javascriptEnabled: true, networkConnectionEnabled: false, pageLoadStrategy: normal, platform: WINDOWS, platformName: WINDOWS, proxy: Proxy(), setWindowRect: true, strictFileInteractability: false, timeouts: {implicit: 0, pageLoad: 300000, script: 30000}, unhandledPromptBehavior: dismiss and notify, webauthn:extension:credBlob: true, webauthn:extension:largeBlob: true, webauthn:virtualAuthenticators: true}
Session ID: e0d7849a468871ae918c84e8140f0736
19:46:02 INFO  manager.MyListener - org.openqa.selenium.StaleElementReferenceException: stale element reference: element is not attached to the page document
  (Session info: chrome=104.0.5112.81)
For documentation on this error, please visit: https://www.seleniumhq.org/exceptions/stale_element_reference.html
Build info: version: '3.141.59', revision: 'e82be7d358', time: '2018-11-14T08:17:03'
System info: host: 'ARTEMKA', ip: '192.168.0.103', os.name: 'Windows 10', os.arch: 'amd64', os.version: '10.0', java.version: '1.8.0_333'
Driver info: org.openqa.selenium.chrome.ChromeDriver
Capabilities {acceptInsecureCerts: false, browserName: chrome, browserVersion: 104.0.5112.81, chrome: {chromedriverVersion: 104.0.5112.79 (3cf3e8c8a07d..., userDataDir: C:\Users\ompre\AppData\Loca...}, goog:chromeOptions: {debuggerAddress: localhost:52071}, javascriptEnabled: true, networkConnectionEnabled: false, pageLoadStrategy: normal, platform: WINDOWS, platformName: WINDOWS, proxy: Proxy(), setWindowRect: true, strictFileInteractability: false, timeouts: {implicit: 0, pageLoad: 300000, script: 30000}, unhandledPromptBehavior: dismiss and notify, webauthn:extension:credBlob: true, webauthn:extension:largeBlob: true, webauthn:virtualAuthenticators: true}
Session ID: e0d7849a468871ae918c84e8140f0736
19:46:02 INFO  manager.MyListener - start search for element with locator->>By.xpath: //*[text()=' logout ']
19:46:02 INFO  manager.MyListener - element with locator->> By.xpath: //*[text()=' logout '] was found
19:46:02 INFO  tests.TestBase - end to test method ->>createResume
19:46:02 INFO  tests.TestBase - start to test method ->>createResume
19:46:02 INFO  manager.MyListener - start search for element with locator->>By.xpath: //span[.='create CV']
19:46:02 INFO  manager.MyListener - element with locator->> By.xpath: //span[.='create CV'] was found
19:46:02 INFO  manager.MyListener - start search for element with locator->>By.xpath: (//div[@class='cover'])[1]
19:46:02 INFO  manager.MyListener - element with locator->> By.xpath: (//div[@class='cover'])[1] was found
19:46:02 INFO  manager.MyListener - start search for element with locator->>By.id: name
19:46:02 INFO  manager.MyListener - element with locator->> By.id: name was found
19:46:02 INFO  manager.MyListener - start search for element with locator->>By.id: position
19:46:02 INFO  manager.MyListener - element with locator->> By.id: position was found
19:46:03 INFO  manager.MyListener - start search for element with locator->>By.xpath: //*[@aria-label='Open calendar']
19:46:03 INFO  manager.MyListener - element with locator->> By.xpath: //*[@aria-label='Open calendar'] was found
19:46:03 INFO  manager.MyListener - start search for element with locator->>By.cssSelector: button[aria-label='Choose month and year']
19:46:03 INFO  manager.MyListener - element with locator->> By.cssSelector: button[aria-label='Choose month and year'] was found
19:46:03 INFO  manager.MyListener - start search for element with locator->>By.cssSelector: tbody[role='grid'] tr:first-child td:first-child div
19:46:03 INFO  manager.MyListener - element with locator->> By.cssSelector: tbody[role='grid'] tr:first-child td:first-child div was found
19:46:03 INFO  manager.MyListener - start search for element with locator->>By.xpath: //*[@aria-label='Previous 20 years']
19:46:03 INFO  manager.MyListener - element with locator->> By.xpath: //*[@aria-label='Previous 20 years'] was found
19:46:03 INFO  manager.MyListener - start search for element with locator->>By.cssSelector: tbody[role='grid'] tr:first-child td:first-child
19:46:03 INFO  manager.MyListener - element with locator->> By.cssSelector: tbody[role='grid'] tr:first-child td:first-child was found
19:46:03 INFO  manager.MyListener - start search for element with locator->>By.xpath: //*[.=' 1973 ']
19:46:03 INFO  manager.MyListener - element with locator->> By.xpath: //*[.=' 1973 '] was found
19:46:03 INFO  manager.MyListener - start search for element with locator->>By.xpath: //td[.=' AUG ']
19:46:03 INFO  manager.MyListener - element with locator->> By.xpath: //td[.=' AUG '] was found
19:46:03 INFO  manager.MyListener - start search for element with locator->>By.xpath: //div[.=' 12 ']
19:46:03 INFO  manager.MyListener - element with locator->> By.xpath: //div[.=' 12 '] was found
19:46:03 INFO  manager.MyListener - start search for element with locator->>By.id: country
19:46:03 INFO  manager.MyListener - element with locator->> By.id: country was found
19:46:03 INFO  manager.MyListener - start search for element with locator->>By.id: city
19:46:03 INFO  manager.MyListener - element with locator->> By.id: city was found
19:46:03 INFO  manager.MyListener - start search for element with locator->>By.id: phone
19:46:03 INFO  manager.MyListener - element with locator->> By.id: phone was found
19:46:04 INFO  manager.MyListener - start search for element with locator->>By.id: email
19:46:04 INFO  manager.MyListener - element with locator->> By.id: email was found
19:46:04 INFO  manager.MyListener - start search for element with locator->>By.xpath: //span[.='Save']
19:46:04 INFO  manager.MyListener - element with locator->> By.xpath: //span[.='Save'] was found
19:46:04 INFO  manager.MyListener - start search for element with locator->>By.cssSelector: section#header div[class=title] h2
19:46:04 INFO  manager.MyListener - element with locator->> By.cssSelector: section#header div[class=title] h2 was found
19:46:04 INFO  manager.MyListener - start search for element with locator->>By.id: experience
19:46:04 INFO  manager.MyListener - element with locator->> By.id: experience was found
19:46:04 INFO  manager.MyListener - start search for element with locator->>By.id: startDate
19:46:04 INFO  manager.MyListener - element with locator->> By.id: startDate was found
19:46:06 INFO  manager.MyListener - start search for element with locator->>By.id: endDate
19:46:06 INFO  manager.MyListener - element with locator->> By.id: endDate was found
19:46:06 INFO  manager.MyListener - start search for element with locator->>By.id: companyName
19:46:06 INFO  manager.MyListener - element with locator->> By.id: companyName was found
19:46:06 INFO  manager.MyListener - start search for element with locator->>By.id: companyLocation
19:46:06 INFO  manager.MyListener - element with locator->> By.id: companyLocation was found
19:46:07 INFO  manager.MyListener - start search for element with locator->>By.id: url
19:46:07 INFO  manager.MyListener - element with locator->> By.id: url was found
19:46:07 INFO  manager.MyListener - start search for element with locator->>By.id: position
19:46:07 INFO  manager.MyListener - element with locator->> By.id: position was found
19:46:07 INFO  manager.MyListener - start search for element with locator->>By.cssSelector: button[type='submit']
19:46:07 INFO  manager.MyListener - element with locator->> By.cssSelector: button[type='submit'] was found
19:46:07 INFO  manager.MyListener - start search for element with locator->>By.cssSelector: section#experience ul
19:46:07 INFO  manager.MyListener - element with locator->> By.cssSelector: section#experience ul was found
19:46:07 INFO  manager.MyListener - start search for element with locator->>By.xpath: //*[.=' Preview ']
19:46:07 INFO  manager.MyListener - element with locator->> By.xpath: //*[.=' Preview '] was found
19:46:07 INFO  manager.MyListener - start search for element with locator->>By.cssSelector: div[class=slider] div:nth-child(3)
19:46:07 INFO  manager.MyListener - element with locator->> By.cssSelector: div[class=slider] div:nth-child(3) was found
19:46:07 INFO  manager.MyListener - start search for element with locator->>By.cssSelector: div[class=header] button:first-of-type
19:46:07 INFO  manager.MyListener - element with locator->> By.cssSelector: div[class=header] button:first-of-type was found
19:46:09 INFO  manager.MyListener - start search for element with locator->>By.cssSelector: div[class=header] button:last-of-type
19:46:09 INFO  manager.MyListener - element with locator->> By.cssSelector: div[class=header] button:last-of-type was found
19:46:09 INFO  manager.MyListener - start search for element with locator->>By.xpath: //*[.='Publish ']
19:46:09 INFO  manager.MyListener - element with locator->> By.xpath: //*[.='Publish '] was found
19:46:10 INFO  manager.MyListener - start search for element with locator->>By.xpath: //a[.='Sign In']
19:46:10 INFO  manager.MyListener - element with locator->> By.xpath: //a[.='Sign In'] was found
19:46:11 INFO  manager.MyListener - start search for element with locator->>By.cssSelector: input#email
19:46:11 INFO  manager.MyListener - element with locator->> By.cssSelector: input#email was found
19:46:11 INFO  manager.MyListener - start search for element with locator->>By.cssSelector: input#email
19:46:11 INFO  manager.MyListener - element with locator->> By.cssSelector: input#email was found
19:46:11 INFO  manager.MyListener - Something went wrong->>https://cv-bank-new.web.app/create
19:46:11 INFO  manager.MyListener - stale element reference: element is not attached to the page document
  (Session info: chrome=104.0.5112.81)
For documentation on this error, please visit: https://www.seleniumhq.org/exceptions/stale_element_reference.html
Build info: version: '3.141.59', revision: 'e82be7d358', time: '2018-11-14T08:17:03'
System info: host: 'ARTEMKA', ip: '192.168.0.103', os.name: 'Windows 10', os.arch: 'amd64', os.version: '10.0', java.version: '1.8.0_333'
Driver info: org.openqa.selenium.chrome.ChromeDriver
Capabilities {acceptInsecureCerts: false, browserName: chrome, browserVersion: 104.0.5112.81, chrome: {chromedriverVersion: 104.0.5112.79 (3cf3e8c8a07d..., userDataDir: C:\Users\ompre\AppData\Loca...}, goog:chromeOptions: {debuggerAddress: localhost:52071}, javascriptEnabled: true, networkConnectionEnabled: false, pageLoadStrategy: normal, platform: WINDOWS, platformName: WINDOWS, proxy: Proxy(), setWindowRect: true, strictFileInteractability: false, timeouts: {implicit: 0, pageLoad: 300000, script: 30000}, unhandledPromptBehavior: dismiss and notify, webauthn:extension:credBlob: true, webauthn:extension:largeBlob: true, webauthn:virtualAuthenticators: true}
Session ID: e0d7849a468871ae918c84e8140f0736
19:46:11 INFO  manager.MyListener - org.openqa.selenium.StaleElementReferenceException: stale element reference: element is not attached to the page document
  (Session info: chrome=104.0.5112.81)
For documentation on this error, please visit: https://www.seleniumhq.org/exceptions/stale_element_reference.html
Build info: version: '3.141.59', revision: 'e82be7d358', time: '2018-11-14T08:17:03'
System info: host: 'ARTEMKA', ip: '192.168.0.103', os.name: 'Windows 10', os.arch: 'amd64', os.version: '10.0', java.version: '1.8.0_333'
Driver info: org.openqa.selenium.chrome.ChromeDriver
Capabilities {acceptInsecureCerts: false, browserName: chrome, browserVersion: 104.0.5112.81, chrome: {chromedriverVersion: 104.0.5112.79 (3cf3e8c8a07d..., userDataDir: C:\Users\ompre\AppData\Loca...}, goog:chromeOptions: {debuggerAddress: localhost:52071}, javascriptEnabled: true, networkConnectionEnabled: false, pageLoadStrategy: normal, platform: WINDOWS, platformName: WINDOWS, proxy: Proxy(), setWindowRect: true, strictFileInteractability: false, timeouts: {implicit: 0, pageLoad: 300000, script: 30000}, unhandledPromptBehavior: dismiss and notify, webauthn:extension:credBlob: true, webauthn:extension:largeBlob: true, webauthn:virtualAuthenticators: true}
Session ID: e0d7849a468871ae918c84e8140f0736
19:46:11 INFO  manager.MyListener - start search for element with locator->>By.xpath: //*[text()=' logout ']
19:46:21 INFO  manager.MyListener - Something went wrong->>https://cv-bank-new.web.app/create
19:46:21 INFO  manager.MyListener - no such element: Unable to locate element: {"method":"xpath","selector":"//*[text()=' logout ']"}
  (Session info: chrome=104.0.5112.81)
For documentation on this error, please visit: https://www.seleniumhq.org/exceptions/no_such_element.html
Build info: version: '3.141.59', revision: 'e82be7d358', time: '2018-11-14T08:17:03'
System info: host: 'ARTEMKA', ip: '192.168.0.103', os.name: 'Windows 10', os.arch: 'amd64', os.version: '10.0', java.version: '1.8.0_333'
Driver info: org.openqa.selenium.chrome.ChromeDriver
Capabilities {acceptInsecureCerts: false, browserName: chrome, browserVersion: 104.0.5112.81, chrome: {chromedriverVersion: 104.0.5112.79 (3cf3e8c8a07d..., userDataDir: C:\Users\ompre\AppData\Loca...}, goog:chromeOptions: {debuggerAddress: localhost:52071}, javascriptEnabled: true, networkConnectionEnabled: false, pageLoadStrategy: normal, platform: WINDOWS, platformName: WINDOWS, proxy: Proxy(), setWindowRect: true, strictFileInteractability: false, timeouts: {implicit: 0, pageLoad: 300000, script: 30000}, unhandledPromptBehavior: dismiss and notify, webauthn:extension:credBlob: true, webauthn:extension:largeBlob: true, webauthn:virtualAuthenticators: true}
Session ID: e0d7849a468871ae918c84e8140f0736
*** Element info: {Using=xpath, value=//*[text()=' logout ']}
19:46:21 INFO  manager.MyListener - org.openqa.selenium.NoSuchElementException: no such element: Unable to locate element: {"method":"xpath","selector":"//*[text()=' logout ']"}
  (Session info: chrome=104.0.5112.81)
For documentation on this error, please visit: https://www.seleniumhq.org/exceptions/no_such_element.html
Build info: version: '3.141.59', revision: 'e82be7d358', time: '2018-11-14T08:17:03'
System info: host: 'ARTEMKA', ip: '192.168.0.103', os.name: 'Windows 10', os.arch: 'amd64', os.version: '10.0', java.version: '1.8.0_333'
Driver info: org.openqa.selenium.chrome.ChromeDriver
Capabilities {acceptInsecureCerts: false, browserName: chrome, browserVersion: 104.0.5112.81, chrome: {chromedriverVersion: 104.0.5112.79 (3cf3e8c8a07d..., userDataDir: C:\Users\ompre\AppData\Loca...}, goog:chromeOptions: {debuggerAddress: localhost:52071}, javascriptEnabled: true, networkConnectionEnabled: false, pageLoadStrategy: normal, platform: WINDOWS, platformName: WINDOWS, proxy: Proxy(), setWindowRect: true, strictFileInteractability: false, timeouts: {implicit: 0, pageLoad: 300000, script: 30000}, unhandledPromptBehavior: dismiss and notify, webauthn:extension:credBlob: true, webauthn:extension:largeBlob: true, webauthn:virtualAuthenticators: true}
Session ID: e0d7849a468871ae918c84e8140f0736
*** Element info: {Using=xpath, value=//*[text()=' logout ']}
